This file contains any messages produced by compilers while
running configure, to aid debugging if configure makes a mistake.

It was created by libmpeg2 configure 0.5.1, which was
generated by GNU Autoconf 2.61.  Invocation command line was

  $ ./configure --prefix=/usr/local/viewmobile/libmpeg2 --libdir=/usr/local/viewmobile/libmpeg2/libD --enable-debug --disable-shared --disable-sdl

## --------- ##
## Platform. ##
## --------- ##

hostname = localhost.localdomain
uname -m = i686
uname -r = 2.6.32-220.17.1.el6.i686
uname -s = Linux
uname -v = #1 SMP Tue May 15 22:09:39 BST 2012

/usr/bin/uname -p = unknown
/bin/uname -X     = unknown

/bin/arch              = i686
/usr/bin/arch -k       = unknown
/usr/convex/getsysinfo = unknown
/usr/bin/hostinfo      = unknown
/bin/machine           = unknown
/usr/bin/oslevel       = unknown
/bin/universe          = unknown

PATH: /opt/STM/STLinux-2.3/devkit/sh4/bin
PATH: /home/cyj/A22/STi7105/qt-embedded-linux-opensource-src-4.5.2/bin
PATH: /opt/STM/STLinux-2.3/devkit/sh4/bin
PATH: /home/cyj/STi7162/ST/stapisdk/bin/tools/linux
PATH: /opt/STM/ST40R5.0.0
PATH: /opt/STM/ST40R5.0.0/bin
PATH: /home/cyj/STi7162/ST/stapisdk/bin
PATH: /opt/STM/STMCR1.5.0/bin
PATH: /home/cyj/A22/STi7105/qt-embedded-linux-opensource-src-4.5.2/bin
PATH: /usr/lib/qt-3.3/bin
PATH: /usr/local/bin
PATH: /usr/bin
PATH: /bin
PATH: /usr/local/sbin
PATH: /usr/sbin
PATH: /sbin
PATH: /home/cyj/bin


## ----------- ##
## Core tests. ##
## ----------- ##

configure:2021: checking build system type
configure:2039: result: i686-pc-linux-gnu
configure:2061: checking host system type
configure:2076: result: i686-pc-linux-gnu
configure:2114: checking for a BSD-compatible install
configure:2170: result: /usr/bin/install -c
configure:2181: checking whether build environment is sane
configure:2224: result: yes
configure:2252: checking for a thread-safe mkdir -p
configure:2291: result: /bin/mkdir -p
configure:2304: checking for gawk
configure:2320: found /usr/bin/gawk
configure:2331: result: gawk
configure:2342: checking whether make sets $(MAKE)
configure:2363: result: yes
configure:2551: checking whether to enable maintainer-specific portions of Makefiles
configure:2560: result: no
configure:2622: checking for gcc
configure:2638: found /usr/bin/gcc
configure:2649: result: gcc
configure:2887: checking for C compiler version
configure:2894: gcc --version >&5
gcc (GCC) 4.4.6 20110731 (Red Hat 4.4.6-3)
Copyright (C) 2010 Free Software Foundation, Inc.
This is free software; see the source for copying conditions.  There is NO
warranty; not even for MERCHANTABILITY or FITNESS FOR A PARTICULAR PURPOSE.

configure:2897: $? = 0
configure:2904: gcc -v >&5
Using built-in specs.
Target: i686-redhat-linux
Configured with: ../configure --prefix=/usr --mandir=/usr/share/man --infodir=/usr/share/info --with-bugurl=http://bugzilla.redhat.com/bugzilla --enable-bootstrap --enable-shared --enable-threads=posix --enable-checking=release --with-system-zlib --enable-__cxa_atexit --disable-libunwind-exceptions --enable-gnu-unique-object --enable-languages=c,c++,objc,obj-c++,java,fortran,ada --enable-java-awt=gtk --disable-dssi --with-java-home=/usr/lib/jvm/java-1.5.0-gcj-1.5.0.0/jre --enable-libgcj-multifile --enable-java-maintainer-mode --with-ecj-jar=/usr/share/java/eclipse-ecj.jar --disable-libjava-multilib --with-ppl --with-cloog --with-tune=generic --with-arch=i686 --build=i686-redhat-linux
Thread model: posix
gcc version 4.4.6 20110731 (Red Hat 4.4.6-3) (GCC) 
configure:2907: $? = 0
configure:2914: gcc -V >&5
gcc: '-V' option must have argument
configure:2917: $? = 1
configure:2940: checking for C compiler default output file name
configure:2967: gcc    conftest.c  >&5
configure:2970: $? = 0
configure:3008: result: a.out
configure:3025: checking whether the C compiler works
configure:3035: ./a.out
configure:3038: $? = 0
configure:3055: result: yes
configure:3062: checking whether we are cross compiling
configure:3064: result: no
configure:3067: checking for suffix of executables
configure:3074: gcc -o conftest    conftest.c  >&5
configure:3077: $? = 0
configure:3101: result: 
configure:3107: checking for suffix of object files
configure:3133: gcc -c   conftest.c >&5
configure:3136: $? = 0
configure:3159: result: o
configure:3163: checking whether we are using the GNU C compiler
configure:3192: gcc -c   conftest.c >&5
configure:3198: $? = 0
configure:3215: result: yes
configure:3220: checking whether gcc accepts -g
configure:3250: gcc -c -g  conftest.c >&5
configure:3256: $? = 0
configure:3355: result: yes
configure:3372: checking for gcc option to accept ISO C89
configure:3446: gcc  -c -g -O2  conftest.c >&5
configure:3452: $? = 0
configure:3475: result: none needed
configure:3504: checking for style of include used by make
configure:3532: result: GNU
configure:3557: checking dependency style of gcc
configure:3648: result: gcc3
configure:3669: checking how to run the C preprocessor
configure:3709: gcc -E  conftest.c
configure:3715: $? = 0
configure:3746: gcc -E  conftest.c
conftest.c:10:28: error: ac_nonexistent.h: No such file or directory
configure:3752: $? = 1
configure: failed program was:
| /* confdefs.h.  */
| #define PACKAGE_NAME "libmpeg2"
| #define PACKAGE_TARNAME "libmpeg2"
| #define PACKAGE_VERSION "0.5.1"
| #define PACKAGE_STRING "libmpeg2 0.5.1"
| #define PACKAGE_BUGREPORT ""
| #define PACKAGE "libmpeg2"
| #define VERSION "0.5.1"
| /* end confdefs.h.  */
| #include <ac_nonexistent.h>
configure:3785: result: gcc -E
configure:3814: gcc -E  conftest.c
configure:3820: $? = 0
configure:3851: gcc -E  conftest.c
conftest.c:10:28: error: ac_nonexistent.h: No such file or directory
configure:3857: $? = 1
configure: failed program was:
| /* confdefs.h.  */
| #define PACKAGE_NAME "libmpeg2"
| #define PACKAGE_TARNAME "libmpeg2"
| #define PACKAGE_VERSION "0.5.1"
| #define PACKAGE_STRING "libmpeg2 0.5.1"
| #define PACKAGE_BUGREPORT ""
| #define PACKAGE "libmpeg2"
| #define VERSION "0.5.1"
| /* end confdefs.h.  */
| #include <ac_nonexistent.h>
configure:3895: checking for grep that handles long lines and -e
configure:3969: result: /bin/grep
configure:3974: checking for egrep
configure:4052: result: /bin/grep -E
configure:4058: checking whether gcc needs -traditional
configure:4100: result: no
configure:4116: checking dependency style of gcc
configure:4207: result: gcc3
configure:4223: checking for ANSI C header files
configure:4253: gcc -c -g -O2  conftest.c >&5
configure:4259: $? = 0
configure:4358: gcc -o conftest -g -O2   conftest.c  >&5
configure:4361: $? = 0
configure:4367: ./conftest
configure:4370: $? = 0
configure:4387: result: yes
configure:4411: checking for sys/types.h
configure:4432: gcc -c -g -O2  conftest.c >&5
configure:4438: $? = 0
configure:4454: result: yes
configure:4411: checking for sys/stat.h
configure:4432: gcc -c -g -O2  conftest.c >&5
configure:4438: $? = 0
configure:4454: result: yes
configure:4411: checking for stdlib.h
configure:4432: gcc -c -g -O2  conftest.c >&5
configure:4438: $? = 0
configure:4454: result: yes
configure:4411: checking for string.h
configure:4432: gcc -c -g -O2  conftest.c >&5
configure:4438: $? = 0
configure:4454: result: yes
configure:4411: checking for memory.h
configure:4432: gcc -c -g -O2  conftest.c >&5
configure:4438: $? = 0
configure:4454: result: yes
configure:4411: checking for strings.h
configure:4432: gcc -c -g -O2  conftest.c >&5
configure:4438: $? = 0
configure:4454: result: yes
configure:4411: checking for inttypes.h
configure:4432: gcc -c -g -O2  conftest.c >&5
configure:4438: $? = 0
configure:4454: result: yes
configure:4411: checking for stdint.h
configure:4432: gcc -c -g -O2  conftest.c >&5
configure:4438: $? = 0
configure:4454: result: yes
configure:4411: checking for unistd.h
configure:4432: gcc -c -g -O2  conftest.c >&5
configure:4438: $? = 0
configure:4454: result: yes
configure:4484: checking sys/time.h usability
configure:4501: gcc -c -g -O2  conftest.c >&5
configure:4507: $? = 0
configure:4521: result: yes
configure:4525: checking sys/time.h presence
configure:4540: gcc -E  conftest.c
configure:4546: $? = 0
configure:4560: result: yes
configure:4588: checking for sys/time.h
configure:4596: result: yes
configure:4484: checking time.h usability
configure:4501: gcc -c -g -O2  conftest.c >&5
configure:4507: $? = 0
configure:4521: result: yes
configure:4525: checking time.h presence
configure:4540: gcc -E  conftest.c
configure:4546: $? = 0
configure:4560: result: yes
configure:4588: checking for time.h
configure:4596: result: yes
configure:4484: checking sys/timeb.h usability
configure:4501: gcc -c -g -O2  conftest.c >&5
configure:4507: $? = 0
configure:4521: result: yes
configure:4525: checking sys/timeb.h presence
configure:4540: gcc -E  conftest.c
configure:4546: $? = 0
configure:4560: result: yes
configure:4588: checking for sys/timeb.h
configure:4596: result: yes
configure:4484: checking io.h usability
configure:4501: gcc -c -g -O2  conftest.c >&5
conftest.c:56:16: error: io.h: No such file or directory
configure:4507: $? = 1
configure: failed program was:
| /* confdefs.h.  */
| #define PACKAGE_NAME "libmpeg2"
| #define PACKAGE_TARNAME "libmpeg2"
| #define PACKAGE_VERSION "0.5.1"
| #define PACKAGE_STRING "libmpeg2 0.5.1"
| #define PACKAGE_BUGREPORT ""
| #define PACKAGE "libmpeg2"
| #define VERSION "0.5.1"
| #define STDC_HEADERS 1
| #define HAVE_SYS_TYPES_H 1
| #define HAVE_SYS_STAT_H 1
| #define HAVE_STDLIB_H 1
| #define HAVE_STRING_H 1
| #define HAVE_MEMORY_H 1
| #define HAVE_STRINGS_H 1
| #define HAVE_INTTYPES_H 1
| #define HAVE_STDINT_H 1
| #define HAVE_UNISTD_H 1
| #define HAVE_SYS_TIME_H 1
| #define HAVE_TIME_H 1
| #define HAVE_SYS_TIMEB_H 1
| /* end confdefs.h.  */
| #include <stdio.h>
| #ifdef HAVE_SYS_TYPES_H
| # include <sys/types.h>
| #endif
| #ifdef HAVE_SYS_STAT_H
| # include <sys/stat.h>
| #endif
| #ifdef STDC_HEADERS
| # include <stdlib.h>
| # include <stddef.h>
| #else
| # ifdef HAVE_STDLIB_H
| #  include <stdlib.h>
| # endif
| #endif
| #ifdef HAVE_STRING_H
| # if !defined STDC_HEADERS && defined HAVE_MEMORY_H
| #  include <memory.h>
| # endif
| # include <string.h>
| #endif
| #ifdef HAVE_STRINGS_H
| # include <strings.h>
| #endif
| #ifdef HAVE_INTTYPES_H
| # include <inttypes.h>
| #endif
| #ifdef HAVE_STDINT_H
| # include <stdint.h>
| #endif
| #ifdef HAVE_UNISTD_H
| # include <unistd.h>
| #endif
| #include <io.h>
configure:4521: result: no
configure:4525: checking io.h presence
configure:4540: gcc -E  conftest.c
conftest.c:23:16: error: io.h: No such file or directory
configure:4546: $? = 1
configure: failed program was:
| /* confdefs.h.  */
| #define PACKAGE_NAME "libmpeg2"
| #define PACKAGE_TARNAME "libmpeg2"
| #define PACKAGE_VERSION "0.5.1"
| #define PACKAGE_STRING "libmpeg2 0.5.1"
| #define PACKAGE_BUGREPORT ""
| #define PACKAGE "libmpeg2"
| #define VERSION "0.5.1"
| #define STDC_HEADERS 1
| #define HAVE_SYS_TYPES_H 1
| #define HAVE_SYS_STAT_H 1
| #define HAVE_STDLIB_H 1
| #define HAVE_STRING_H 1
| #define HAVE_MEMORY_H 1
| #define HAVE_STRINGS_H 1
| #define HAVE_INTTYPES_H 1
| #define HAVE_STDINT_H 1
| #define HAVE_UNISTD_H 1
| #define HAVE_SYS_TIME_H 1
| #define HAVE_TIME_H 1
| #define HAVE_SYS_TIMEB_H 1
| /* end confdefs.h.  */
| #include <io.h>
configure:4560: result: no
configure:4588: checking for io.h
configure:4596: result: no
configure:4618: checking if gcc supports  -Wall -Wpointer-arith -Wcast-align -Wcast-qual -Wstrict-prototypes -Wshadow -Waggregate-return -Wmissing-prototypes -Wnested-externs -Wsign-compare -g -O2 flags
configure:4643: gcc -c  -Wall -Wpointer-arith -Wcast-align -Wcast-qual -Wstrict-prototypes -Wshadow -Waggregate-return -Wmissing-prototypes -Wnested-externs -Wsign-compare -g -O2  conftest.c >&5
conftest.c:26: warning: function declaration isn't a prototype
configure:4649: $? = 0
configure:4664: result: yes
configure:4676: checking if gcc supports  -Wall -Wpointer-arith -Wcast-align -Wcast-qual -Wstrict-prototypes -Wshadow -Waggregate-return -Wmissing-prototypes -Wnested-externs -Wsign-compare -g  -O3 flags
configure:4701: gcc -c  -Wall -Wpointer-arith -Wcast-align -Wcast-qual -Wstrict-prototypes -Wshadow -Waggregate-return -Wmissing-prototypes -Wnested-externs -Wsign-compare -g  -O3  conftest.c >&5
conftest.c:26: warning: function declaration isn't a prototype
configure:4707: $? = 0
configure:4722: result: yes
configure:4799: checking if gcc supports  -Wall -Wpointer-arith -Wcast-align -Wcast-qual -Wstrict-prototypes -Wshadow -Waggregate-return -Wmissing-prototypes -Wnested-externs -Wsign-compare -g  -O3 -fno-common -g -O2 flags
configure:4824: gcc -c  -Wall -Wpointer-arith -Wcast-align -Wcast-qual -Wstrict-prototypes -Wshadow -Waggregate-return -Wmissing-prototypes -Wnested-externs -Wsign-compare -g  -O3 -fno-common -g -O2  conftest.c >&5
conftest.c:27: warning: function declaration isn't a prototype
configure:4830: $? = 0
configure:4845: result: yes
configure:4869: checking if gcc supports  -Wall -Wpointer-arith -Wcast-align -Wcast-qual -Wstrict-prototypes -Wshadow -Waggregate-return -Wmissing-prototypes -Wnested-externs -Wsign-compare -g  -O3 -fno-common -march=i686 -g -O2 flags
configure:4894: gcc -c  -Wall -Wpointer-arith -Wcast-align -Wcast-qual -Wstrict-prototypes -Wshadow -Waggregate-return -Wmissing-prototypes -Wnested-externs -Wsign-compare -g  -O3 -fno-common -march=i686 -g -O2  conftest.c >&5
conftest.c:28: warning: function declaration isn't a prototype
configure:4900: $? = 0
configure:4915: result: yes
configure:5306: checking for a sed that does not truncate output
configure:5362: result: /bin/sed
configure:5376: checking for ld used by gcc
configure:5443: result: /usr/bin/ld
configure:5452: checking if the linker (/usr/bin/ld) is GNU ld
configure:5467: result: yes
configure:5472: checking for /usr/bin/ld option to reload object files
configure:5479: result: -r
configure:5497: checking for BSD-compatible nm
configure:5546: result: /usr/bin/nm -B
configure:5550: checking whether ln -s works
configure:5554: result: yes
configure:5561: checking how to recognize dependent libraries
configure:5747: result: pass_all
configure:6291: checking dlfcn.h usability
configure:6308: gcc -c -g -O2  conftest.c >&5
configure:6314: $? = 0
configure:6328: result: yes
configure:6332: checking dlfcn.h presence
configure:6347: gcc -E  conftest.c
configure:6353: $? = 0
configure:6367: result: yes
configure:6395: checking for dlfcn.h
configure:6403: result: yes
configure:6474: checking for g++
configure:6490: found /usr/bin/g++
configure:6501: result: g++
configure:6532: checking for C++ compiler version
configure:6539: g++ --version >&5
g++ (GCC) 4.4.6 20110731 (Red Hat 4.4.6-3)
Copyright (C) 2010 Free Software Foundation, Inc.
This is free software; see the source for copying conditions.  There is NO
warranty; not even for MERCHANTABILITY or FITNESS FOR A PARTICULAR PURPOSE.

configure:6542: $? = 0
configure:6549: g++ -v >&5
Using built-in specs.
Target: i686-redhat-linux
Configured with: ../configure --prefix=/usr --mandir=/usr/share/man --infodir=/usr/share/info --with-bugurl=http://bugzilla.redhat.com/bugzilla --enable-bootstrap --enable-shared --enable-threads=posix --enable-checking=release --with-system-zlib --enable-__cxa_atexit --disable-libunwind-exceptions --enable-gnu-unique-object --enable-languages=c,c++,objc,obj-c++,java,fortran,ada --enable-java-awt=gtk --disable-dssi --with-java-home=/usr/lib/jvm/java-1.5.0-gcj-1.5.0.0/jre --enable-libgcj-multifile --enable-java-maintainer-mode --with-ecj-jar=/usr/share/java/eclipse-ecj.jar --disable-libjava-multilib --with-ppl --with-cloog --with-tune=generic --with-arch=i686 --build=i686-redhat-linux
Thread model: posix
gcc version 4.4.6 20110731 (Red Hat 4.4.6-3) (GCC) 
configure:6552: $? = 0
configure:6559: g++ -V >&5
g++: '-V' option must have argument
configure:6562: $? = 1
configure:6565: checking whether we are using the GNU C++ compiler
configure:6594: g++ -c   conftest.cpp >&5
configure:6600: $? = 0
configure:6617: result: yes
configure:6622: checking whether g++ accepts -g
configure:6652: g++ -c -g  conftest.cpp >&5
configure:6658: $? = 0
configure:6757: result: yes
configure:6782: checking dependency style of g++
configure:6873: result: gcc3
configure:6898: checking how to run the C++ preprocessor
configure:6934: g++ -E  conftest.cpp
configure:6940: $? = 0
configure:6971: g++ -E  conftest.cpp
conftest.cpp:26:28: error: ac_nonexistent.h: No such file or directory
configure:6977: $? = 1
configure: failed program was:
| /* confdefs.h.  */
| #define PACKAGE_NAME "libmpeg2"
| #define PACKAGE_TARNAME "libmpeg2"
| #define PACKAGE_VERSION "0.5.1"
| #define PACKAGE_STRING "libmpeg2 0.5.1"
| #define PACKAGE_BUGREPORT ""
| #define PACKAGE "libmpeg2"
| #define VERSION "0.5.1"
| #define STDC_HEADERS 1
| #define HAVE_SYS_TYPES_H 1
| #define HAVE_SYS_STAT_H 1
| #define HAVE_STDLIB_H 1
| #define HAVE_STRING_H 1
| #define HAVE_MEMORY_H 1
| #define HAVE_STRINGS_H 1
| #define HAVE_INTTYPES_H 1
| #define HAVE_STDINT_H 1
| #define HAVE_UNISTD_H 1
| #define HAVE_SYS_TIME_H 1
| #define HAVE_TIME_H 1
| #define HAVE_SYS_TIMEB_H 1
| #define DEBUG
| #define ARCH_X86
| #define HAVE_DLFCN_H 1
| /* end confdefs.h.  */
| #include <ac_nonexistent.h>
configure:7010: result: g++ -E
configure:7039: g++ -E  conftest.cpp
configure:7045: $? = 0
configure:7076: g++ -E  conftest.cpp
conftest.cpp:26:28: error: ac_nonexistent.h: No such file or directory
configure:7082: $? = 1
configure: failed program was:
| /* confdefs.h.  */
| #define PACKAGE_NAME "libmpeg2"
| #define PACKAGE_TARNAME "libmpeg2"
| #define PACKAGE_VERSION "0.5.1"
| #define PACKAGE_STRING "libmpeg2 0.5.1"
| #define PACKAGE_BUGREPORT ""
| #define PACKAGE "libmpeg2"
| #define VERSION "0.5.1"
| #define STDC_HEADERS 1
| #define HAVE_SYS_TYPES_H 1
| #define HAVE_SYS_STAT_H 1
| #define HAVE_STDLIB_H 1
| #define HAVE_STRING_H 1
| #define HAVE_MEMORY_H 1
| #define HAVE_STRINGS_H 1
| #define HAVE_INTTYPES_H 1
| #define HAVE_STDINT_H 1
| #define HAVE_UNISTD_H 1
| #define HAVE_SYS_TIME_H 1
| #define HAVE_TIME_H 1
| #define HAVE_SYS_TIMEB_H 1
| #define DEBUG
| #define ARCH_X86
| #define HAVE_DLFCN_H 1
| /* end confdefs.h.  */
| #include <ac_nonexistent.h>
configure:7175: checking for g77
configure:7205: result: no
configure:7175: checking for xlf
configure:7205: result: no
configure:7175: checking for f77
configure:7205: result: no
configure:7175: checking for frt
configure:7205: result: no
configure:7175: checking for pgf77
configure:7205: result: no
configure:7175: checking for cf77
configure:7205: result: no
configure:7175: checking for fort77
configure:7205: result: no
configure:7175: checking for fl32
configure:7205: result: no
configure:7175: checking for af77
configure:7205: result: no
configure:7175: checking for xlf90
configure:7205: result: no
configure:7175: checking for f90
configure:7205: result: no
configure:7175: checking for pgf90
configure:7205: result: no
configure:7175: checking for pghpf
configure:7205: result: no
configure:7175: checking for epcf90
configure:7205: result: no
configure:7175: checking for gfortran
configure:7191: found /usr/bin/gfortran
configure:7202: result: gfortran
configure:7232: checking for Fortran 77 compiler version
configure:7239: gfortran --version >&5
GNU Fortran (GCC) 4.4.6 20110731 (Red Hat 4.4.6-3)
Copyright (C) 2010 Free Software Foundation, Inc.

GNU Fortran comes with NO WARRANTY, to the extent permitted by law.
You may redistribute copies of GNU Fortran
under the terms of the GNU General Public License.
For more information about these matters, see the file named COPYING

configure:7242: $? = 0
configure:7249: gfortran -v >&5
Using built-in specs.
Target: i686-redhat-linux
Configured with: ../configure --prefix=/usr --mandir=/usr/share/man --infodir=/usr/share/info --with-bugurl=http://bugzilla.redhat.com/bugzilla --enable-bootstrap --enable-shared --enable-threads=posix --enable-checking=release --with-system-zlib --enable-__cxa_atexit --disable-libunwind-exceptions --enable-gnu-unique-object --enable-languages=c,c++,objc,obj-c++,java,fortran,ada --enable-java-awt=gtk --disable-dssi --with-java-home=/usr/lib/jvm/java-1.5.0-gcj-1.5.0.0/jre --enable-libgcj-multifile --enable-java-maintainer-mode --with-ecj-jar=/usr/share/java/eclipse-ecj.jar --disable-libjava-multilib --with-ppl --with-cloog --with-tune=generic --with-arch=i686 --build=i686-redhat-linux
Thread model: posix
gcc version 4.4.6 20110731 (Red Hat 4.4.6-3) (GCC) 
configure:7252: $? = 0
configure:7259: gfortran -V >&5
gfortran: '-V' option must have argument
configure:7262: $? = 1
configure:7270: checking whether we are using the GNU Fortran 77 compiler
configure:7289: gfortran -c  conftest.F >&5
configure:7295: $? = 0
configure:7312: result: yes
configure:7318: checking whether gfortran accepts -g
configure:7335: gfortran -c -g conftest.f >&5
configure:7341: $? = 0
configure:7357: result: yes
configure:7386: checking the maximum length of command line arguments
configure:7498: result: 1966080
configure:7510: checking command to parse /usr/bin/nm -B output from gcc object
configure:7615: gcc -c -g -O2  conftest.c >&5
configure:7618: $? = 0
configure:7622: /usr/bin/nm -B conftest.o \| sed -n -e 's/^.*[ 	]\([ABCDGIRSTW][ABCDGIRSTW]*\)[ 	][ 	]*\([_A-Za-z][_A-Za-z0-9]*\)$/\1 \2 \2/p' \> conftest.nm
configure:7625: $? = 0
configure:7677: gcc -o conftest -g -O2   conftest.c conftstm.o >&5
configure:7680: $? = 0
configure:7718: result: ok
configure:7722: checking for objdir
configure:7737: result: .libs
configure:7829: checking for ar
configure:7845: found /usr/bin/ar
configure:7856: result: ar
configure:7925: checking for ranlib
configure:7941: found /usr/bin/ranlib
configure:7952: result: ranlib
configure:8021: checking for strip
configure:8037: found /usr/bin/strip
configure:8048: result: strip
configure:8646: checking if gcc supports -fno-rtti -fno-exceptions
configure:8663: gcc -c -g -O2  -fno-rtti -fno-exceptions conftest.c >&5
cc1: warning: command line option "-fno-rtti" is valid for C++/ObjC++ but not for C
configure:8667: $? = 0
configure:8681: result: no
configure:8696: checking for gcc option to produce PIC
configure:8928: result: -fPIC
configure:8936: checking if gcc PIC flag -fPIC works
configure:8953: gcc -c -g -O2  -fPIC -DPIC conftest.c >&5
configure:8957: $? = 0
configure:8971: result: yes
configure:8999: checking if gcc static flag -static works
configure:9027: result: no
configure:9037: checking if gcc supports -c -o file.o
configure:9057: gcc -c -g -O2  -o out/conftest2.o conftest.c >&5
configure:9061: $? = 0
configure:9084: result: yes
configure:9110: checking whether the gcc linker (/usr/bin/ld) supports shared libraries
configure:10091: result: yes
configure:10158: checking dynamic linker characteristics
configure:10772: result: GNU/Linux ld.so
configure:10796: checking how to hardcode library paths into programs
configure:10821: result: immediate
configure:10835: checking whether stripping libraries is possible
configure:10840: result: yes
configure:11642: checking if libtool supports shared libraries
configure:11644: result: yes
configure:11647: checking whether to build shared libraries
configure:11668: result: no
configure:11671: checking whether to build static libraries
configure:11675: result: yes
configure:11769: creating libtool
configure:12362: checking for ld used by g++
configure:12429: result: /usr/bin/ld
configure:12438: checking if the linker (/usr/bin/ld) is GNU ld
configure:12453: result: yes
configure:12504: checking whether the g++ linker (/usr/bin/ld) supports shared libraries
configure:13450: result: yes
configure:13467: g++ -c -g -O2  conftest.cpp >&5
configure:13470: $? = 0
configure:13626: checking for g++ option to produce PIC
configure:13910: result: -fPIC
configure:13918: checking if g++ PIC flag -fPIC works
configure:13935: g++ -c -g -O2  -fPIC -DPIC conftest.cpp >&5
configure:13939: $? = 0
configure:13953: result: yes
configure:13981: checking if g++ static flag -static works
configure:14009: result: no
configure:14019: checking if g++ supports -c -o file.o
configure:14039: g++ -c -g -O2  -o out/conftest2.o conftest.cpp >&5
configure:14043: $? = 0
configure:14066: result: yes
configure:14092: checking whether the g++ linker (/usr/bin/ld) supports shared libraries
configure:14121: result: yes
configure:14188: checking dynamic linker characteristics
configure:14750: result: GNU/Linux ld.so
configure:14774: checking how to hardcode library paths into programs
configure:14799: result: immediate
configure:15338: checking if libtool supports shared libraries
configure:15340: result: yes
configure:15343: checking whether to build shared libraries
configure:15363: result: no
configure:15366: checking whether to build static libraries
configure:15370: result: yes
configure:15380: checking for gfortran option to produce PIC
configure:15612: result: -fPIC
configure:15620: checking if gfortran PIC flag -fPIC works
configure:15637: gfortran -c -g -O2 -fPIC conftest.f >&5
configure:15641: $? = 0
configure:15655: result: yes
configure:15683: checking if gfortran static flag -static works
configure:15711: result: no
configure:15721: checking if gfortran supports -c -o file.o
configure:15741: gfortran -c -g -O2 -o out/conftest2.o conftest.f >&5
configure:15745: $? = 0
configure:15768: result: yes
configure:15794: checking whether the gfortran linker (/usr/bin/ld) supports shared libraries
configure:16755: result: yes
configure:16822: checking dynamic linker characteristics
configure:17384: result: GNU/Linux ld.so
configure:17408: checking how to hardcode library paths into programs
configure:17433: result: immediate
configure:21050: checking whether time.h and sys/time.h may both be included
configure:21080: gcc -c -g -O2  conftest.c >&5
configure:21086: $? = 0
configure:21101: result: yes
configure:21111: checking for struct timeval
configure:21143: gcc -c -g -O2  conftest.c >&5
configure:21149: $? = 0
configure:21164: result: yes
configure:21177: checking for inttypes.h
configure:21182: result: yes
configure:24075: checking for an ANSI C-conforming const
configure:24150: gcc -c -g -O2  conftest.c >&5
configure:24156: $? = 0
configure:24171: result: yes
configure:24181: checking for inline
configure:24207: gcc -c -g -O2  conftest.c >&5
configure:24213: $? = 0
configure:24231: result: inline
configure:24251: checking for always_inline
configure:24279: gcc -c -g -O2 -Wall -Werror  conftest.c >&5
configure:24285: $? = 0
configure:24300: result: yes
configure:24309: checking for restrict
configure:24334: gcc -c -g -O2  conftest.c >&5
conftest.c: In function 'main':
conftest.c:33: error: expected '=', ',', ';', 'asm' or '__attribute__' before 'p'
conftest.c:33: error: 'p' undeclared (first use in this function)
conftest.c:33: error: (Each undeclared identifier is reported only once
conftest.c:33: error: for each function it appears in.)
configure:24340: $? = 1
configure: failed program was:
| /* confdefs.h.  */
| #define PACKAGE_NAME "libmpeg2"
| #define PACKAGE_TARNAME "libmpeg2"
| #define PACKAGE_VERSION "0.5.1"
| #define PACKAGE_STRING "libmpeg2 0.5.1"
| #define PACKAGE_BUGREPORT ""
| #define PACKAGE "libmpeg2"
| #define VERSION "0.5.1"
| #define STDC_HEADERS 1
| #define HAVE_SYS_TYPES_H 1
| #define HAVE_SYS_STAT_H 1
| #define HAVE_STDLIB_H 1
| #define HAVE_STRING_H 1
| #define HAVE_MEMORY_H 1
| #define HAVE_STRINGS_H 1
| #define HAVE_INTTYPES_H 1
| #define HAVE_STDINT_H 1
| #define HAVE_UNISTD_H 1
| #define HAVE_SYS_TIME_H 1
| #define HAVE_TIME_H 1
| #define HAVE_SYS_TIMEB_H 1
| #define DEBUG
| #define ARCH_X86
| #define HAVE_DLFCN_H 1
| #define TIME_WITH_SYS_TIME 1
| #define HAVE_STRUCT_TIMEVAL 1
| #define inline __attribute__ ((__always_inline__))
| /* end confdefs.h.  */
| 
| int
| main ()
| {
| char * restrict p;
|   ;
|   return 0;
| }
configure:24334: gcc -c -g -O2  conftest.c >&5
configure:24340: $? = 0
configure:24355: result: __restrict__
configure:24369: checking for __builtin_expect
configure:24384: gcc -g -O2 -nostdlib -nostartfiles
            -o conftest conftest.c -lgcc >&5
/usr/bin/ld: warning: cannot find entry symbol _start; defaulting to 00000000080480c0
configure:24387: $? = 0
configure:24395: result: yes
configure:24404: checking whether byte ordering is bigendian
configure:24437: gcc -c -g -O2  conftest.c >&5
configure:24443: $? = 0
configure:24475: gcc -c -g -O2  conftest.c >&5
conftest.c: In function 'main':
conftest.c:38: error: 'not' undeclared (first use in this function)
conftest.c:38: error: (Each undeclared identifier is reported only once
conftest.c:38: error: for each function it appears in.)
conftest.c:38: error: expected ';' before 'big'
configure:24481: $? = 1
configure: failed program was:
| /* confdefs.h.  */
| #define PACKAGE_NAME "libmpeg2"
| #define PACKAGE_TARNAME "libmpeg2"
| #define PACKAGE_VERSION "0.5.1"
| #define PACKAGE_STRING "libmpeg2 0.5.1"
| #define PACKAGE_BUGREPORT ""
| #define PACKAGE "libmpeg2"
| #define VERSION "0.5.1"
| #define STDC_HEADERS 1
| #define HAVE_SYS_TYPES_H 1
| #define HAVE_SYS_STAT_H 1
| #define HAVE_STDLIB_H 1
| #define HAVE_STRING_H 1
| #define HAVE_MEMORY_H 1
| #define HAVE_STRINGS_H 1
| #define HAVE_INTTYPES_H 1
| #define HAVE_STDINT_H 1
| #define HAVE_UNISTD_H 1
| #define HAVE_SYS_TIME_H 1
| #define HAVE_TIME_H 1
| #define HAVE_SYS_TIMEB_H 1
| #define DEBUG
| #define ARCH_X86
| #define HAVE_DLFCN_H 1
| #define TIME_WITH_SYS_TIME 1
| #define HAVE_STRUCT_TIMEVAL 1
| #define inline __attribute__ ((__always_inline__))
| #define restrict __restrict__
| #define HAVE_BUILTIN_EXPECT
| /* end confdefs.h.  */
| #include <sys/types.h>
| #include <sys/param.h>
| 
| int
| main ()
| {
| #if BYTE_ORDER != BIG_ENDIAN
|  not big endian
| #endif
| 
|   ;
|   return 0;
| }
configure:24621: result: no
configure:24640: checking for working volatile
configure:24669: gcc -c -g -O2  conftest.c >&5
configure:24675: $? = 0
configure:24690: result: yes
configure:24700: checking for size_t
configure:24730: gcc -c -g -O2  conftest.c >&5
configure:24736: $? = 0
configure:24751: result: yes
configure:24763: checking return type of signal handlers
configure:24791: gcc -c -g -O2  conftest.c >&5
conftest.c: In function 'main':
conftest.c:37: error: void value not ignored as it ought to be
configure:24797: $? = 1
configure: failed program was:
| /* confdefs.h.  */
| #define PACKAGE_NAME "libmpeg2"
| #define PACKAGE_TARNAME "libmpeg2"
| #define PACKAGE_VERSION "0.5.1"
| #define PACKAGE_STRING "libmpeg2 0.5.1"
| #define PACKAGE_BUGREPORT ""
| #define PACKAGE "libmpeg2"
| #define VERSION "0.5.1"
| #define STDC_HEADERS 1
| #define HAVE_SYS_TYPES_H 1
| #define HAVE_SYS_STAT_H 1
| #define HAVE_STDLIB_H 1
| #define HAVE_STRING_H 1
| #define HAVE_MEMORY_H 1
| #define HAVE_STRINGS_H 1
| #define HAVE_INTTYPES_H 1
| #define HAVE_STDINT_H 1
| #define HAVE_UNISTD_H 1
| #define HAVE_SYS_TIME_H 1
| #define HAVE_TIME_H 1
| #define HAVE_SYS_TIMEB_H 1
| #define DEBUG
| #define ARCH_X86
| #define HAVE_DLFCN_H 1
| #define TIME_WITH_SYS_TIME 1
| #define HAVE_STRUCT_TIMEVAL 1
| #define inline __attribute__ ((__always_inline__))
| #define restrict __restrict__
| #define HAVE_BUILTIN_EXPECT
| /* end confdefs.h.  */
| #include <sys/types.h>
| #include <signal.h>
| 
| int
| main ()
| {
| return *(signal (0, 0)) (0) == 1;
|   ;
|   return 0;
| }
configure:24812: result: void
configure:24827: checking for special C compiler options needed for large files
configure:24920: result: no
configure:24926: checking for _FILE_OFFSET_BITS value needed for large files
configure:24961: gcc -c -g -O2  conftest.c >&5
conftest.c:38: warning: left shift count >= width of type
conftest.c:38: warning: left shift count >= width of type
conftest.c:40: error: size of array 'off_t_is_large' is negative
configure:24967: $? = 1
configure: failed program was:
| /* confdefs.h.  */
| #define PACKAGE_NAME "libmpeg2"
| #define PACKAGE_TARNAME "libmpeg2"
| #define PACKAGE_VERSION "0.5.1"
| #define PACKAGE_STRING "libmpeg2 0.5.1"
| #define PACKAGE_BUGREPORT ""
| #define PACKAGE "libmpeg2"
| #define VERSION "0.5.1"
| #define STDC_HEADERS 1
| #define HAVE_SYS_TYPES_H 1
| #define HAVE_SYS_STAT_H 1
| #define HAVE_STDLIB_H 1
| #define HAVE_STRING_H 1
| #define HAVE_MEMORY_H 1
| #define HAVE_STRINGS_H 1
| #define HAVE_INTTYPES_H 1
| #define HAVE_STDINT_H 1
| #define HAVE_UNISTD_H 1
| #define HAVE_SYS_TIME_H 1
| #define HAVE_TIME_H 1
| #define HAVE_SYS_TIMEB_H 1
| #define DEBUG
| #define ARCH_X86
| #define HAVE_DLFCN_H 1
| #define TIME_WITH_SYS_TIME 1
| #define HAVE_STRUCT_TIMEVAL 1
| #define inline __attribute__ ((__always_inline__))
| #define restrict __restrict__
| #define HAVE_BUILTIN_EXPECT
| #define RETSIGTYPE void
| /* end confdefs.h.  */
| #include <sys/types.h>
|  /* Check that off_t can represent 2**63 - 1 correctly.
|     We can't simply define LARGE_OFF_T to be 9223372036854775807,
|     since some C++ compilers masquerading as C compilers
|     incorrectly reject 9223372036854775807.  */
| #define LARGE_OFF_T (((off_t) 1 << 62) - 1 + ((off_t) 1 << 62))
|   int off_t_is_large[(LARGE_OFF_T % 2147483629 == 721
| 		       && LARGE_OFF_T % 2147483647 == 1)
| 		      ? 1 : -1];
| int
| main ()
| {
| 
|   ;
|   return 0;
| }
configure:25011: gcc -c -g -O2  conftest.c >&5
configure:25017: $? = 0
configure:25035: result: 64
configure:25176: checking for gettimeofday
configure:25232: gcc -o conftest -g -O2   conftest.c  >&5
configure:25238: $? = 0
configure:25256: result: yes
configure:25176: checking for ftime
configure:25232: gcc -o conftest -g -O2   conftest.c  >&5
configure:25238: $? = 0
configure:25256: result: yes
configure:25305: checking for X
configure:25420: gcc -E  conftest.c
configure:25426: $? = 0
configure:25475: gcc -o conftest -g -O2   conftest.c -lX11  >&5
configure:25481: $? = 0
configure:25540: result: libraries , headers 
configure:25701: gcc -o conftest -g -O2   conftest.c   -lX11 >&5
configure:25707: $? = 0
configure:25864: checking for gethostbyname
configure:25920: gcc -o conftest -g -O2   conftest.c  >&5
configure:25926: $? = 0
configure:25943: result: yes
configure:26088: checking for connect
configure:26144: gcc -o conftest -g -O2   conftest.c  >&5
configure:26150: $? = 0
configure:26167: result: yes
configure:26239: checking for remove
configure:26295: gcc -o conftest -g -O2   conftest.c  >&5
configure:26301: $? = 0
configure:26318: result: yes
configure:26390: checking for shmat
configure:26446: gcc -o conftest -g -O2   conftest.c  >&5
configure:26452: $? = 0
configure:26469: result: yes
configure:26550: checking for IceConnectionNumber in -lICE
configure:26585: gcc -o conftest -g -O2   conftest.c -lICE   >&5
configure:26591: $? = 0
configure:26609: result: yes
configure:26620: checking for XShmCreateImage in -lXext
configure:26655: gcc -o conftest -g -O2   conftest.c -lXext  -lSM -lICE   -lX11  >&5
configure:26661: $? = 0
configure:26679: result: yes
configure:26689: checking for XvShmCreateImage in -lXv
configure:26724: gcc -o conftest -g -O2   conftest.c -lXv  -lSM -lICE   -lXext -lX11  >&5
/usr/bin/ld: cannot find -lXv
collect2: ld returned 1 exit status
configure:26730: $? = 1
configure: failed program was:
| /* confdefs.h.  */
| #define PACKAGE_NAME "libmpeg2"
| #define PACKAGE_TARNAME "libmpeg2"
| #define PACKAGE_VERSION "0.5.1"
| #define PACKAGE_STRING "libmpeg2 0.5.1"
| #define PACKAGE_BUGREPORT ""
| #define PACKAGE "libmpeg2"
| #define VERSION "0.5.1"
| #define STDC_HEADERS 1
| #define HAVE_SYS_TYPES_H 1
| #define HAVE_SYS_STAT_H 1
| #define HAVE_STDLIB_H 1
| #define HAVE_STRING_H 1
| #define HAVE_MEMORY_H 1
| #define HAVE_STRINGS_H 1
| #define HAVE_INTTYPES_H 1
| #define HAVE_STDINT_H 1
| #define HAVE_UNISTD_H 1
| #define HAVE_SYS_TIME_H 1
| #define HAVE_TIME_H 1
| #define HAVE_SYS_TIMEB_H 1
| #define DEBUG
| #define ARCH_X86
| #define HAVE_DLFCN_H 1
| #define TIME_WITH_SYS_TIME 1
| #define HAVE_STRUCT_TIMEVAL 1
| #define inline __attribute__ ((__always_inline__))
| #define restrict __restrict__
| #define HAVE_BUILTIN_EXPECT
| #define RETSIGTYPE void
| #define _FILE_OFFSET_BITS 64
| #define HAVE_GETTIMEOFDAY 1
| #define HAVE_FTIME 1
| #define ACCEL_DETECT
| #define LIBVO_X11
| /* end confdefs.h.  */
| 
| /* Override any GCC internal prototype to avoid an error.
|    Use char because int might match the return type of a GCC
|    builtin and then its argument prototype would still apply.  */
| #ifdef __cplusplus
| extern "C"
| #endif
| char XvShmCreateImage ();
| int
| main ()
| {
| return XvShmCreateImage ();
|   ;
|   return 0;
| }
configure:26748: result: no
configure:26779: checking ddraw.h usability
configure:26796: gcc -c -g -O2  conftest.c >&5
conftest.c:70:19: error: ddraw.h: No such file or directory
configure:26802: $? = 1
configure: failed program was:
| /* confdefs.h.  */
| #define PACKAGE_NAME "libmpeg2"
| #define PACKAGE_TARNAME "libmpeg2"
| #define PACKAGE_VERSION "0.5.1"
| #define PACKAGE_STRING "libmpeg2 0.5.1"
| #define PACKAGE_BUGREPORT ""
| #define PACKAGE "libmpeg2"
| #define VERSION "0.5.1"
| #define STDC_HEADERS 1
| #define HAVE_SYS_TYPES_H 1
| #define HAVE_SYS_STAT_H 1
| #define HAVE_STDLIB_H 1
| #define HAVE_STRING_H 1
| #define HAVE_MEMORY_H 1
| #define HAVE_STRINGS_H 1
| #define HAVE_INTTYPES_H 1
| #define HAVE_STDINT_H 1
| #define HAVE_UNISTD_H 1
| #define HAVE_SYS_TIME_H 1
| #define HAVE_TIME_H 1
| #define HAVE_SYS_TIMEB_H 1
| #define DEBUG
| #define ARCH_X86
| #define HAVE_DLFCN_H 1
| #define TIME_WITH_SYS_TIME 1
| #define HAVE_STRUCT_TIMEVAL 1
| #define inline __attribute__ ((__always_inline__))
| #define restrict __restrict__
| #define HAVE_BUILTIN_EXPECT
| #define RETSIGTYPE void
| #define _FILE_OFFSET_BITS 64
| #define HAVE_GETTIMEOFDAY 1
| #define HAVE_FTIME 1
| #define ACCEL_DETECT
| #define LIBVO_X11
| /* end confdefs.h.  */
| #include <stdio.h>
| #ifdef HAVE_SYS_TYPES_H
| # include <sys/types.h>
| #endif
| #ifdef HAVE_SYS_STAT_H
| # include <sys/stat.h>
| #endif
| #ifdef STDC_HEADERS
| # include <stdlib.h>
| # include <stddef.h>
| #else
| # ifdef HAVE_STDLIB_H
| #  include <stdlib.h>
| # endif
| #endif
| #ifdef HAVE_STRING_H
| # if !defined STDC_HEADERS && defined HAVE_MEMORY_H
| #  include <memory.h>
| # endif
| # include <string.h>
| #endif
| #ifdef HAVE_STRINGS_H
| # include <strings.h>
| #endif
| #ifdef HAVE_INTTYPES_H
| # include <inttypes.h>
| #endif
| #ifdef HAVE_STDINT_H
| # include <stdint.h>
| #endif
| #ifdef HAVE_UNISTD_H
| # include <unistd.h>
| #endif
| #include <ddraw.h>
configure:26816: result: no
configure:26820: checking ddraw.h presence
configure:26835: gcc -E  conftest.c
conftest.c:37:19: error: ddraw.h: No such file or directory
configure:26841: $? = 1
configure: failed program was:
| /* confdefs.h.  */
| #define PACKAGE_NAME "libmpeg2"
| #define PACKAGE_TARNAME "libmpeg2"
| #define PACKAGE_VERSION "0.5.1"
| #define PACKAGE_STRING "libmpeg2 0.5.1"
| #define PACKAGE_BUGREPORT ""
| #define PACKAGE "libmpeg2"
| #define VERSION "0.5.1"
| #define STDC_HEADERS 1
| #define HAVE_SYS_TYPES_H 1
| #define HAVE_SYS_STAT_H 1
| #define HAVE_STDLIB_H 1
| #define HAVE_STRING_H 1
| #define HAVE_MEMORY_H 1
| #define HAVE_STRINGS_H 1
| #define HAVE_INTTYPES_H 1
| #define HAVE_STDINT_H 1
| #define HAVE_UNISTD_H 1
| #define HAVE_SYS_TIME_H 1
| #define HAVE_TIME_H 1
| #define HAVE_SYS_TIMEB_H 1
| #define DEBUG
| #define ARCH_X86
| #define HAVE_DLFCN_H 1
| #define TIME_WITH_SYS_TIME 1
| #define HAVE_STRUCT_TIMEVAL 1
| #define inline __attribute__ ((__always_inline__))
| #define restrict __restrict__
| #define HAVE_BUILTIN_EXPECT
| #define RETSIGTYPE void
| #define _FILE_OFFSET_BITS 64
| #define HAVE_GETTIMEOFDAY 1
| #define HAVE_FTIME 1
| #define ACCEL_DETECT
| #define LIBVO_X11
| /* end confdefs.h.  */
| #include <ddraw.h>
configure:26855: result: no
configure:26883: checking for ddraw.h
configure:26890: result: no
configure:27062: checking __attribute__ ((aligned ())) support
configure:27099: gcc -c -g -O2 -Werror  conftest.c >&5
configure:27105: $? = 0
configure:27099: gcc -c -g -O2 -Werror  conftest.c >&5
configure:27105: $? = 0
configure:27099: gcc -c -g -O2 -Werror  conftest.c >&5
configure:27105: $? = 0
configure:27099: gcc -c -g -O2 -Werror  conftest.c >&5
configure:27105: $? = 0
configure:27099: gcc -c -g -O2 -Werror  conftest.c >&5
configure:27105: $? = 0
configure:27099: gcc -c -g -O2 -Werror  conftest.c >&5
configure:27105: $? = 0
configure:27121: result: 64
configure:27274: creating ./config.status

## ---------------------- ##
## Running config.status. ##
## ---------------------- ##

This file was extended by libmpeg2 config.status 0.5.1, which was
generated by GNU Autoconf 2.61.  Invocation command line was

  CONFIG_FILES    = 
  CONFIG_HEADERS  = 
  CONFIG_LINKS    = 
  CONFIG_COMMANDS = 
  $ ./config.status 

on localhost.localdomain

config.status:719: creating Makefile
config.status:719: creating include/Makefile
config.status:719: creating test/Makefile
config.status:719: creating doc/Makefile
config.status:719: creating src/Makefile
config.status:719: creating libmpeg2/Makefile
config.status:719: creating libmpeg2/convert/Makefile
config.status:719: creating libvo/Makefile
config.status:719: creating vc++/Makefile
config.status:719: creating libmpeg2/libmpeg2.pc
config.status:719: creating libmpeg2/convert/libmpeg2convert.pc
config.status:719: creating include/config.h
config.status:963: include/config.h is unchanged
config.status:1010: executing depfiles commands

## ---------------- ##
## Cache variables. ##
## ---------------- ##

ac_cv_always_inline=yes
ac_cv_build=i686-pc-linux-gnu
ac_cv_builtin_expect=yes
ac_cv_c_attr_align_try=64
ac_cv_c_attribute_aligned=64
ac_cv_c_bigendian=no
ac_cv_c_compiler_gnu=yes
ac_cv_c_const=yes
ac_cv_c_inline=inline
ac_cv_c_restrict=__restrict__
ac_cv_c_volatile=yes
ac_cv_cxx_compiler_gnu=yes
ac_cv_env_CCASFLAGS_set=
ac_cv_env_CCASFLAGS_value=
ac_cv_env_CCAS_set=
ac_cv_env_CCAS_value=
ac_cv_env_CCC_set=
ac_cv_env_CCC_value=
ac_cv_env_CC_set=
ac_cv_env_CC_value=
ac_cv_env_CFLAGS_set=
ac_cv_env_CFLAGS_value=
ac_cv_env_CPPFLAGS_set=
ac_cv_env_CPPFLAGS_value=
ac_cv_env_CPP_set=
ac_cv_env_CPP_value=
ac_cv_env_CXXCPP_set=
ac_cv_env_CXXCPP_value=
ac_cv_env_CXXFLAGS_set=
ac_cv_env_CXXFLAGS_value=
ac_cv_env_CXX_set=
ac_cv_env_CXX_value=
ac_cv_env_F77_set=
ac_cv_env_F77_value=
ac_cv_env_FFLAGS_set=
ac_cv_env_FFLAGS_value=
ac_cv_env_LDFLAGS_set=
ac_cv_env_LDFLAGS_value=
ac_cv_env_LIBS_set=
ac_cv_env_LIBS_value=
ac_cv_env_XMKMF_set=
ac_cv_env_XMKMF_value=
ac_cv_env_build_alias_set=
ac_cv_env_build_alias_value=
ac_cv_env_host_alias_set=
ac_cv_env_host_alias_value=
ac_cv_env_target_alias_set=
ac_cv_env_target_alias_value=
ac_cv_f77_compiler_gnu=yes
ac_cv_func_connect=yes
ac_cv_func_ftime=yes
ac_cv_func_gethostbyname=yes
ac_cv_func_gettimeofday=yes
ac_cv_func_remove=yes
ac_cv_func_shmat=yes
ac_cv_have_x='have_x=yes	ac_x_includes='\'''\''	ac_x_libraries='\'''\'''
ac_cv_header_ddraw_h=no
ac_cv_header_dlfcn_h=yes
ac_cv_header_inttypes_h=yes
ac_cv_header_io_h=no
ac_cv_header_memory_h=yes
ac_cv_header_stdc=yes
ac_cv_header_stdint_h=yes
ac_cv_header_stdlib_h=yes
ac_cv_header_string_h=yes
ac_cv_header_strings_h=yes
ac_cv_header_sys_stat_h=yes
ac_cv_header_sys_time_h=yes
ac_cv_header_sys_timeb_h=yes
ac_cv_header_sys_types_h=yes
ac_cv_header_time=yes
ac_cv_header_time_h=yes
ac_cv_header_unistd_h=yes
ac_cv_host=i686-pc-linux-gnu
ac_cv_lib_ICE_IceConnectionNumber=yes
ac_cv_lib_Xext_XShmCreateImage=yes
ac_cv_lib_Xv_XvShmCreateImage=no
ac_cv_objext=o
ac_cv_path_EGREP='/bin/grep -E'
ac_cv_path_GREP=/bin/grep
ac_cv_path_install='/usr/bin/install -c'
ac_cv_path_mkdir=/bin/mkdir
ac_cv_prog_AWK=gawk
ac_cv_prog_CPP='gcc -E'
ac_cv_prog_CXXCPP='g++ -E'
ac_cv_prog_ac_ct_AR=ar
ac_cv_prog_ac_ct_CC=gcc
ac_cv_prog_ac_ct_CXX=g++
ac_cv_prog_ac_ct_F77=gfortran
ac_cv_prog_ac_ct_RANLIB=ranlib
ac_cv_prog_ac_ct_STRIP=strip
ac_cv_prog_cc_c89=
ac_cv_prog_cc_g=yes
ac_cv_prog_cxx_g=yes
ac_cv_prog_f77_g=yes
ac_cv_prog_gcc_traditional=no
ac_cv_prog_make_make_set=yes
ac_cv_sys_file_offset_bits=64
ac_cv_sys_largefile_CC=no
ac_cv_try_cflags_ok=yes
ac_cv_type_signal=void
ac_cv_type_size_t=yes
ac_cv_type_struct_timeval=yes
am_cv_CCAS_dependencies_compiler_type=gcc3
am_cv_CC_dependencies_compiler_type=gcc3
am_cv_CXX_dependencies_compiler_type=gcc3
lt_cv_deplibs_check_method=pass_all
lt_cv_file_magic_cmd='$MAGIC_CMD'
lt_cv_file_magic_test_file=
lt_cv_ld_reload_flag=-r
lt_cv_objdir=.libs
lt_cv_path_LD=/usr/bin/ld
lt_cv_path_LDCXX=/usr/bin/ld
lt_cv_path_NM='/usr/bin/nm -B'
lt_cv_path_SED=/bin/sed
lt_cv_prog_compiler_c_o=yes
lt_cv_prog_compiler_c_o_CXX=yes
lt_cv_prog_compiler_c_o_F77=yes
lt_cv_prog_compiler_pic_works=yes
lt_cv_prog_compiler_pic_works_CXX=yes
lt_cv_prog_compiler_pic_works_F77=yes
lt_cv_prog_compiler_rtti_exceptions=no
lt_cv_prog_compiler_static_works=no
lt_cv_prog_compiler_static_works_CXX=no
lt_cv_prog_compiler_static_works_F77=no
lt_cv_prog_gnu_ld=yes
lt_cv_prog_gnu_ldcxx=yes
lt_cv_sys_global_symbol_pipe='sed -n -e '\''s/^.*[ 	]\([ABCDGIRSTW][ABCDGIRSTW]*\)[ 	][ 	]*\([_A-Za-z][_A-Za-z0-9]*\)$/\1 \2 \2/p'\'''
lt_cv_sys_global_symbol_to_c_name_address='sed -n -e '\''s/^: \([^ ]*\) $/  {\"\1\", (lt_ptr) 0},/p'\'' -e '\''s/^[BCDEGRST] \([^ ]*\) \([^ ]*\)$/  {"\2", (lt_ptr) \&\2},/p'\'''
lt_cv_sys_global_symbol_to_cdecl='sed -n -e '\''s/^. .* \(.*\)$/extern int \1;/p'\'''
lt_cv_sys_lib_dlsearch_path_spec='/lib /usr/lib /usr/lib/atlas /usr/lib/wxSmithContribItems /usr/lib/mysql /usr/lib/qt-3.3/lib /usr/lib/xulrunner-2 '
lt_cv_sys_lib_search_path_spec='/usr/lib/gcc/i686-redhat-linux/4.4.6 /usr/lib /lib'
lt_cv_sys_max_cmd_len=1966080
lt_lt_cv_prog_compiler_c_o='"yes"'
lt_lt_cv_prog_compiler_c_o_CXX='"yes"'
lt_lt_cv_prog_compiler_c_o_F77='"yes"'
lt_lt_cv_sys_global_symbol_pipe='"sed -n -e '\''s/^.*[ 	]\\([ABCDGIRSTW][ABCDGIRSTW]*\\)[ 	][ 	]*\\([_A-Za-z][_A-Za-z0-9]*\\)\$/\\1 \\2 \\2/p'\''"'
lt_lt_cv_sys_global_symbol_to_c_name_address='"sed -n -e '\''s/^: \\([^ ]*\\) \$/  {\\\"\\1\\\", (lt_ptr) 0},/p'\'' -e '\''s/^[BCDEGRST] \\([^ ]*\\) \\([^ ]*\\)\$/  {\"\\2\", (lt_ptr) \\&\\2},/p'\''"'
lt_lt_cv_sys_global_symbol_to_cdecl='"sed -n -e '\''s/^. .* \\(.*\\)\$/extern int \\1;/p'\''"'

## ----------------- ##
## Output variables. ##
## ----------------- ##

ACLOCAL='${SHELL} /home/cyj/MyCommonClass/src/libmpeg2-0.5.1/.auto/missing --run aclocal-1.10'
AMDEPBACKSLASH='\'
AMDEP_FALSE='#'
AMDEP_TRUE=''
AMTAR='${SHELL} /home/cyj/MyCommonClass/src/libmpeg2-0.5.1/.auto/missing --run tar'
AM_CPPFLAGS='-I$(top_srcdir)/include -I$(top_builddir)/include'
AR='ar'
ARCH_ARM_FALSE=''
ARCH_ARM_TRUE='#'
ARCH_OPT_CFLAGS=''
AS='as'
AUTOCONF='${SHELL} /home/cyj/MyCommonClass/src/libmpeg2-0.5.1/.auto/missing --run autoconf'
AUTOHEADER='${SHELL} /home/cyj/MyCommonClass/src/libmpeg2-0.5.1/.auto/missing --run autoheader'
AUTOMAKE='${SHELL} /home/cyj/MyCommonClass/src/libmpeg2-0.5.1/.auto/missing --run automake-1.10'
AWK='gawk'
CC='gcc'
CCAS='gcc'
CCASDEPMODE='depmode=gcc3'
CCASFLAGS='-g -O2'
CCDEPMODE='depmode=gcc3'
CFLAGS='-g -O2'
CPP='gcc -E'
CPPFLAGS=''
CXX='g++'
CXXCPP='g++ -E'
CXXDEPMODE='depmode=gcc3'
CXXFLAGS='-g -O2'
CYGPATH_W='echo'
DEFS='-DHAVE_CONFIG_H'
DEPDIR='.deps'
DLLTOOL='dlltool'
DSYMUTIL=''
ECHO='echo'
ECHO_C=''
ECHO_N='-n'
ECHO_T=''
EGREP='/bin/grep -E'
EXEEXT=''
F77='gfortran'
FFLAGS='-g -O2'
GREP='/bin/grep'
INSTALL_DATA='${INSTALL} -m 644'
INSTALL_PROGRAM='${INSTALL}'
INSTALL_SCRIPT='${INSTALL}'
INSTALL_STRIP_PROGRAM='$(install_sh) -c -s'
LDFLAGS=''
LIBMPEG2_CFLAGS=''
LIBOBJS=''
LIBS=''
LIBTOOL='$(SHELL) $(top_builddir)/libtool'
LIBVO_CFLAGS=' '
LIBVO_LIBS='  -lSM -lICE   -lXext -lX11'
LN_S='ln -s'
LTLIBOBJS=''
MAINT='#'
MAINTAINER_MODE_FALSE=''
MAINTAINER_MODE_TRUE='#'
MAKEINFO='${SHELL} /home/cyj/MyCommonClass/src/libmpeg2-0.5.1/.auto/missing --run makeinfo'
MPEG2DEC_CFLAGS=' -Wall -Wpointer-arith -Wcast-align -Wcast-qual -Wstrict-prototypes -Wshadow -Waggregate-return -Wmissing-prototypes -Wnested-externs -Wsign-compare -g  -O3 -fno-common -march=i686'
NMEDIT=''
OBJDUMP='objdump'
OBJEXT='o'
OPT_CFLAGS=' -Wall -Wpointer-arith -Wcast-align -Wcast-qual -Wstrict-prototypes -Wshadow -Waggregate-return -Wmissing-prototypes -Wnested-externs -Wsign-compare -g  -O3 -fno-common -march=i686'
PACKAGE='libmpeg2'
PACKAGE_BUGREPORT=''
PACKAGE_NAME='libmpeg2'
PACKAGE_STRING='libmpeg2 0.5.1'
PACKAGE_TARNAME='libmpeg2'
PACKAGE_VERSION='0.5.1'
PATH_SEPARATOR=':'
RANLIB='ranlib'
SDLCONFIG=''
SED='/bin/sed'
SET_MAKE=''
SHELL='/bin/sh'
STRIP='strip'
VERSION='0.5.1'
XMKMF=''
X_CFLAGS=''
X_EXTRA_LIBS=''
X_LIBS=''
X_PRE_LIBS=' -lSM -lICE'
ac_ct_CC='gcc'
ac_ct_CXX='g++'
ac_ct_F77='gfortran'
am__fastdepCCAS_FALSE='#'
am__fastdepCCAS_TRUE=''
am__fastdepCC_FALSE='#'
am__fastdepCC_TRUE=''
am__fastdepCXX_FALSE='#'
am__fastdepCXX_TRUE=''
am__include='include'
am__isrc=''
am__leading_dot='.'
am__quote=''
am__tar='${AMTAR} chof - "$$tardir"'
am__untar='${AMTAR} xf -'
bindir='${exec_prefix}/bin'
build='i686-pc-linux-gnu'
build_alias=''
build_cpu='i686'
build_os='linux-gnu'
build_vendor='pc'
datadir='${datarootdir}'
datarootdir='${prefix}/share'
docdir='${datarootdir}/doc/${PACKAGE_TARNAME}'
dvidir='${docdir}'
exec_prefix='${prefix}'
host='i686-pc-linux-gnu'
host_alias=''
host_cpu='i686'
host_os='linux-gnu'
host_vendor='pc'
htmldir='${docdir}'
includedir='${prefix}/include'
infodir='${datarootdir}/info'
install_sh='$(SHELL) /home/cyj/MyCommonClass/src/libmpeg2-0.5.1/.auto/install-sh'
libdir='/usr/local/viewmobile/libmpeg2/libD'
libexecdir='${exec_prefix}/libexec'
localedir='${datarootdir}/locale'
localstatedir='${prefix}/var'
mandir='${datarootdir}/man'
mkdir_p='/bin/mkdir -p'
oldincludedir='/usr/include'
pdfdir='${docdir}'
prefix='/usr/local/viewmobile/libmpeg2'
program_transform_name='s,x,x,'
psdir='${docdir}'
sbindir='${exec_prefix}/sbin'
sharedstatedir='${prefix}/com'
sysconfdir='${prefix}/etc'
target_alias=''

## ----------- ##
## confdefs.h. ##
## ----------- ##

#define PACKAGE_NAME "libmpeg2"
#define PACKAGE_TARNAME "libmpeg2"
#define PACKAGE_VERSION "0.5.1"
#define PACKAGE_STRING "libmpeg2 0.5.1"
#define PACKAGE_BUGREPORT ""
#define PACKAGE "libmpeg2"
#define VERSION "0.5.1"
#define STDC_HEADERS 1
#define HAVE_SYS_TYPES_H 1
#define HAVE_SYS_STAT_H 1
#define HAVE_STDLIB_H 1
#define HAVE_STRING_H 1
#define HAVE_MEMORY_H 1
#define HAVE_STRINGS_H 1
#define HAVE_INTTYPES_H 1
#define HAVE_STDINT_H 1
#define HAVE_UNISTD_H 1
#define HAVE_SYS_TIME_H 1
#define HAVE_TIME_H 1
#define HAVE_SYS_TIMEB_H 1
#define DEBUG
#define ARCH_X86
#define HAVE_DLFCN_H 1
#define TIME_WITH_SYS_TIME 1
#define HAVE_STRUCT_TIMEVAL 1
#define inline __attribute__ ((__always_inline__))
#define restrict __restrict__
#define HAVE_BUILTIN_EXPECT
#define RETSIGTYPE void
#define _FILE_OFFSET_BITS 64
#define HAVE_GETTIMEOFDAY 1
#define HAVE_FTIME 1
#define ACCEL_DETECT
#define LIBVO_X11
#define ATTRIBUTE_ALIGNED_MAX 64

configure: exit 0
