This file contains any messages produced by compilers while
running configure, to aid debugging if configure makes a mistake.

It was created by configure, which was
generated by GNU Autoconf 2.61.  Invocation command line was

  $ ./configure --prefix=/usr/local/viewmobile/faad --enable-static=yes --disable-shared

## --------- ##
## Platform. ##
## --------- ##

hostname = localhost.localdomain
uname -m = i686
uname -r = 2.6.32-220.17.1.el6.i686
uname -s = Linux
uname -v = #1 SMP Tue May 15 22:09:39 BST 2012

/usr/bin/uname -p = unknown
/bin/uname -X     = unknown

/bin/arch              = i686
/usr/bin/arch -k       = unknown
/usr/convex/getsysinfo = unknown
/usr/bin/hostinfo      = unknown
/bin/machine           = unknown
/usr/bin/oslevel       = unknown
/bin/universe          = unknown

PATH: /opt/STM/STLinux-2.3/devkit/sh4/bin
PATH: /home/cyj/A22/STi7105/qt-embedded-linux-opensource-src-4.5.2/bin
PATH: /opt/STM/STLinux-2.3/devkit/sh4/bin
PATH: /home/cyj/STi7162/ST/stapisdk/bin/tools/linux
PATH: /opt/STM/ST40R5.0.0
PATH: /opt/STM/ST40R5.0.0/bin
PATH: /home/cyj/STi7162/ST/stapisdk/bin
PATH: /opt/STM/STMCR1.5.0/bin
PATH: /home/cyj/A22/STi7105/qt-embedded-linux-opensource-src-4.5.2/bin
PATH: /usr/lib/qt-3.3/bin
PATH: /usr/local/bin
PATH: /usr/bin
PATH: /bin
PATH: /usr/local/sbin
PATH: /usr/sbin
PATH: /sbin
PATH: /home/cyj/bin


## ----------- ##
## Core tests. ##
## ----------- ##

configure:1975: checking for a BSD-compatible install
configure:2031: result: /usr/bin/install -c
configure:2042: checking whether build environment is sane
configure:2085: result: yes
configure:2150: checking for gawk
configure:2166: found /usr/bin/gawk
configure:2177: result: gawk
configure:2188: checking whether make sets $(MAKE)
configure:2209: result: yes
configure:2472: checking build system type
configure:2490: result: i686-pc-linux-gnu
configure:2512: checking host system type
configure:2527: result: i686-pc-linux-gnu
configure:2561: checking for style of include used by make
configure:2589: result: GNU
configure:2662: checking for gcc
configure:2678: found /usr/bin/gcc
configure:2689: result: gcc
configure:2927: checking for C compiler version
configure:2934: gcc --version >&5
gcc (GCC) 4.4.6 20110731 (Red Hat 4.4.6-3)
Copyright (C) 2010 Free Software Foundation, Inc.
This is free software; see the source for copying conditions.  There is NO
warranty; not even for MERCHANTABILITY or FITNESS FOR A PARTICULAR PURPOSE.

configure:2937: $? = 0
configure:2944: gcc -v >&5
Using built-in specs.
Target: i686-redhat-linux
Configured with: ../configure --prefix=/usr --mandir=/usr/share/man --infodir=/usr/share/info --with-bugurl=http://bugzilla.redhat.com/bugzilla --enable-bootstrap --enable-shared --enable-threads=posix --enable-checking=release --with-system-zlib --enable-__cxa_atexit --disable-libunwind-exceptions --enable-gnu-unique-object --enable-languages=c,c++,objc,obj-c++,java,fortran,ada --enable-java-awt=gtk --disable-dssi --with-java-home=/usr/lib/jvm/java-1.5.0-gcj-1.5.0.0/jre --enable-libgcj-multifile --enable-java-maintainer-mode --with-ecj-jar=/usr/share/java/eclipse-ecj.jar --disable-libjava-multilib --with-ppl --with-cloog --with-tune=generic --with-arch=i686 --build=i686-redhat-linux
Thread model: posix
gcc version 4.4.6 20110731 (Red Hat 4.4.6-3) (GCC) 
configure:2947: $? = 0
configure:2954: gcc -V >&5
gcc: '-V' option must have argument
configure:2957: $? = 1
configure:2980: checking for C compiler default output file name
configure:3007: gcc    conftest.c  >&5
configure:3010: $? = 0
configure:3048: result: a.out
configure:3065: checking whether the C compiler works
configure:3075: ./a.out
configure:3078: $? = 0
configure:3095: result: yes
configure:3102: checking whether we are cross compiling
configure:3104: result: no
configure:3107: checking for suffix of executables
configure:3114: gcc -o conftest    conftest.c  >&5
configure:3117: $? = 0
configure:3141: result: 
configure:3147: checking for suffix of object files
configure:3173: gcc -c   conftest.c >&5
configure:3176: $? = 0
configure:3199: result: o
configure:3203: checking whether we are using the GNU C compiler
configure:3232: gcc -c   conftest.c >&5
configure:3238: $? = 0
configure:3255: result: yes
configure:3260: checking whether gcc accepts -g
configure:3290: gcc -c -g  conftest.c >&5
configure:3296: $? = 0
configure:3395: result: yes
configure:3412: checking for gcc option to accept ISO C89
configure:3486: gcc  -c -g -O2  conftest.c >&5
configure:3492: $? = 0
configure:3515: result: none needed
configure:3535: checking dependency style of gcc
configure:3625: result: gcc3
configure:3642: checking for a sed that does not truncate output
configure:3696: result: /bin/sed
configure:3699: checking for grep that handles long lines and -e
configure:3773: result: /bin/grep
configure:3778: checking for egrep
configure:3856: result: /bin/grep -E
configure:3872: checking for ld used by gcc
configure:3939: result: /usr/bin/ld
configure:3948: checking if the linker (/usr/bin/ld) is GNU ld
configure:3963: result: yes
configure:3968: checking for /usr/bin/ld option to reload object files
configure:3975: result: -r
configure:3993: checking for BSD-compatible nm
configure:4042: result: /usr/bin/nm -B
configure:4046: checking whether ln -s works
configure:4050: result: yes
configure:4057: checking how to recognise dependent libraries
configure:4233: result: pass_all
configure:4467: checking how to run the C preprocessor
configure:4507: gcc -E  conftest.c
configure:4513: $? = 0
configure:4544: gcc -E  conftest.c
conftest.c:10:28: error: ac_nonexistent.h: No such file or directory
configure:4550: $? = 1
configure: failed program was:
| /* confdefs.h.  */
| #define PACKAGE_NAME ""
| #define PACKAGE_TARNAME ""
| #define PACKAGE_VERSION ""
| #define PACKAGE_STRING ""
| #define PACKAGE_BUGREPORT ""
| #define PACKAGE "faad2"
| #define VERSION "2.7.0"
| /* end confdefs.h.  */
| #include <ac_nonexistent.h>
configure:4583: result: gcc -E
configure:4612: gcc -E  conftest.c
configure:4618: $? = 0
configure:4649: gcc -E  conftest.c
conftest.c:10:28: error: ac_nonexistent.h: No such file or directory
configure:4655: $? = 1
configure: failed program was:
| /* confdefs.h.  */
| #define PACKAGE_NAME ""
| #define PACKAGE_TARNAME ""
| #define PACKAGE_VERSION ""
| #define PACKAGE_STRING ""
| #define PACKAGE_BUGREPORT ""
| #define PACKAGE "faad2"
| #define VERSION "2.7.0"
| /* end confdefs.h.  */
| #include <ac_nonexistent.h>
configure:4693: checking for ANSI C header files
configure:4723: gcc -c -g -O2  conftest.c >&5
configure:4729: $? = 0
configure:4828: gcc -o conftest -g -O2   conftest.c  >&5
configure:4831: $? = 0
configure:4837: ./conftest
configure:4840: $? = 0
configure:4857: result: yes
configure:4881: checking for sys/types.h
configure:4902: gcc -c -g -O2  conftest.c >&5
configure:4908: $? = 0
configure:4924: result: yes
configure:4881: checking for sys/stat.h
configure:4902: gcc -c -g -O2  conftest.c >&5
configure:4908: $? = 0
configure:4924: result: yes
configure:4881: checking for stdlib.h
configure:4902: gcc -c -g -O2  conftest.c >&5
configure:4908: $? = 0
configure:4924: result: yes
configure:4881: checking for string.h
configure:4902: gcc -c -g -O2  conftest.c >&5
configure:4908: $? = 0
configure:4924: result: yes
configure:4881: checking for memory.h
configure:4902: gcc -c -g -O2  conftest.c >&5
configure:4908: $? = 0
configure:4924: result: yes
configure:4881: checking for strings.h
configure:4902: gcc -c -g -O2  conftest.c >&5
configure:4908: $? = 0
configure:4924: result: yes
configure:4881: checking for inttypes.h
configure:4902: gcc -c -g -O2  conftest.c >&5
configure:4908: $? = 0
configure:4924: result: yes
configure:4881: checking for stdint.h
configure:4902: gcc -c -g -O2  conftest.c >&5
configure:4908: $? = 0
configure:4924: result: yes
configure:4881: checking for unistd.h
configure:4902: gcc -c -g -O2  conftest.c >&5
configure:4908: $? = 0
configure:4924: result: yes
configure:4951: checking dlfcn.h usability
configure:4968: gcc -c -g -O2  conftest.c >&5
configure:4974: $? = 0
configure:4988: result: yes
configure:4992: checking dlfcn.h presence
configure:5007: gcc -E  conftest.c
configure:5013: $? = 0
configure:5027: result: yes
configure:5055: checking for dlfcn.h
configure:5063: result: yes
configure:5134: checking for g++
configure:5150: found /usr/bin/g++
configure:5161: result: g++
configure:5192: checking for C++ compiler version
configure:5199: g++ --version >&5
g++ (GCC) 4.4.6 20110731 (Red Hat 4.4.6-3)
Copyright (C) 2010 Free Software Foundation, Inc.
This is free software; see the source for copying conditions.  There is NO
warranty; not even for MERCHANTABILITY or FITNESS FOR A PARTICULAR PURPOSE.

configure:5202: $? = 0
configure:5209: g++ -v >&5
Using built-in specs.
Target: i686-redhat-linux
Configured with: ../configure --prefix=/usr --mandir=/usr/share/man --infodir=/usr/share/info --with-bugurl=http://bugzilla.redhat.com/bugzilla --enable-bootstrap --enable-shared --enable-threads=posix --enable-checking=release --with-system-zlib --enable-__cxa_atexit --disable-libunwind-exceptions --enable-gnu-unique-object --enable-languages=c,c++,objc,obj-c++,java,fortran,ada --enable-java-awt=gtk --disable-dssi --with-java-home=/usr/lib/jvm/java-1.5.0-gcj-1.5.0.0/jre --enable-libgcj-multifile --enable-java-maintainer-mode --with-ecj-jar=/usr/share/java/eclipse-ecj.jar --disable-libjava-multilib --with-ppl --with-cloog --with-tune=generic --with-arch=i686 --build=i686-redhat-linux
Thread model: posix
gcc version 4.4.6 20110731 (Red Hat 4.4.6-3) (GCC) 
configure:5212: $? = 0
configure:5219: g++ -V >&5
g++: '-V' option must have argument
configure:5222: $? = 1
configure:5225: checking whether we are using the GNU C++ compiler
configure:5254: g++ -c   conftest.cpp >&5
configure:5260: $? = 0
configure:5277: result: yes
configure:5282: checking whether g++ accepts -g
configure:5312: g++ -c -g  conftest.cpp >&5
configure:5318: $? = 0
configure:5417: result: yes
configure:5442: checking dependency style of g++
configure:5532: result: gcc3
configure:5559: checking how to run the C++ preprocessor
configure:5595: g++ -E  conftest.cpp
configure:5601: $? = 0
configure:5632: g++ -E  conftest.cpp
conftest.cpp:21:28: error: ac_nonexistent.h: No such file or directory
configure:5638: $? = 1
configure: failed program was:
| /* confdefs.h.  */
| #define PACKAGE_NAME ""
| #define PACKAGE_TARNAME ""
| #define PACKAGE_VERSION ""
| #define PACKAGE_STRING ""
| #define PACKAGE_BUGREPORT ""
| #define PACKAGE "faad2"
| #define VERSION "2.7.0"
| #define STDC_HEADERS 1
| #define HAVE_SYS_TYPES_H 1
| #define HAVE_SYS_STAT_H 1
| #define HAVE_STDLIB_H 1
| #define HAVE_STRING_H 1
| #define HAVE_MEMORY_H 1
| #define HAVE_STRINGS_H 1
| #define HAVE_INTTYPES_H 1
| #define HAVE_STDINT_H 1
| #define HAVE_UNISTD_H 1
| #define HAVE_DLFCN_H 1
| /* end confdefs.h.  */
| #include <ac_nonexistent.h>
configure:5671: result: g++ -E
configure:5700: g++ -E  conftest.cpp
configure:5706: $? = 0
configure:5737: g++ -E  conftest.cpp
conftest.cpp:21:28: error: ac_nonexistent.h: No such file or directory
configure:5743: $? = 1
configure: failed program was:
| /* confdefs.h.  */
| #define PACKAGE_NAME ""
| #define PACKAGE_TARNAME ""
| #define PACKAGE_VERSION ""
| #define PACKAGE_STRING ""
| #define PACKAGE_BUGREPORT ""
| #define PACKAGE "faad2"
| #define VERSION "2.7.0"
| #define STDC_HEADERS 1
| #define HAVE_SYS_TYPES_H 1
| #define HAVE_SYS_STAT_H 1
| #define HAVE_STDLIB_H 1
| #define HAVE_STRING_H 1
| #define HAVE_MEMORY_H 1
| #define HAVE_STRINGS_H 1
| #define HAVE_INTTYPES_H 1
| #define HAVE_STDINT_H 1
| #define HAVE_UNISTD_H 1
| #define HAVE_DLFCN_H 1
| /* end confdefs.h.  */
| #include <ac_nonexistent.h>
configure:5836: checking for g77
configure:5866: result: no
configure:5836: checking for xlf
configure:5866: result: no
configure:5836: checking for f77
configure:5866: result: no
configure:5836: checking for frt
configure:5866: result: no
configure:5836: checking for pgf77
configure:5866: result: no
configure:5836: checking for cf77
configure:5866: result: no
configure:5836: checking for fort77
configure:5866: result: no
configure:5836: checking for fl32
configure:5866: result: no
configure:5836: checking for af77
configure:5866: result: no
configure:5836: checking for xlf90
configure:5866: result: no
configure:5836: checking for f90
configure:5866: result: no
configure:5836: checking for pgf90
configure:5866: result: no
configure:5836: checking for pghpf
configure:5866: result: no
configure:5836: checking for epcf90
configure:5866: result: no
configure:5836: checking for gfortran
configure:5852: found /usr/bin/gfortran
configure:5863: result: gfortran
configure:5893: checking for Fortran 77 compiler version
configure:5900: gfortran --version >&5
GNU Fortran (GCC) 4.4.6 20110731 (Red Hat 4.4.6-3)
Copyright (C) 2010 Free Software Foundation, Inc.

GNU Fortran comes with NO WARRANTY, to the extent permitted by law.
You may redistribute copies of GNU Fortran
under the terms of the GNU General Public License.
For more information about these matters, see the file named COPYING

configure:5903: $? = 0
configure:5910: gfortran -v >&5
Using built-in specs.
Target: i686-redhat-linux
Configured with: ../configure --prefix=/usr --mandir=/usr/share/man --infodir=/usr/share/info --with-bugurl=http://bugzilla.redhat.com/bugzilla --enable-bootstrap --enable-shared --enable-threads=posix --enable-checking=release --with-system-zlib --enable-__cxa_atexit --disable-libunwind-exceptions --enable-gnu-unique-object --enable-languages=c,c++,objc,obj-c++,java,fortran,ada --enable-java-awt=gtk --disable-dssi --with-java-home=/usr/lib/jvm/java-1.5.0-gcj-1.5.0.0/jre --enable-libgcj-multifile --enable-java-maintainer-mode --with-ecj-jar=/usr/share/java/eclipse-ecj.jar --disable-libjava-multilib --with-ppl --with-cloog --with-tune=generic --with-arch=i686 --build=i686-redhat-linux
Thread model: posix
gcc version 4.4.6 20110731 (Red Hat 4.4.6-3) (GCC) 
configure:5913: $? = 0
configure:5920: gfortran -V >&5
gfortran: '-V' option must have argument
configure:5923: $? = 1
configure:5931: checking whether we are using the GNU Fortran 77 compiler
configure:5950: gfortran -c  conftest.F >&5
configure:5956: $? = 0
configure:5973: result: yes
configure:5979: checking whether gfortran accepts -g
configure:5996: gfortran -c -g conftest.f >&5
configure:6002: $? = 0
configure:6018: result: yes
configure:6048: checking the maximum length of command line arguments
configure:6157: result: 32768
configure:6168: checking command to parse /usr/bin/nm -B output from gcc object
configure:6273: gcc -c -g -O2  conftest.c >&5
configure:6276: $? = 0
configure:6280: /usr/bin/nm -B conftest.o \| sed -n -e 's/^.*[ 	]\([ABCDGIRSTW][ABCDGIRSTW]*\)[ 	][ 	]*\([_A-Za-z][_A-Za-z0-9]*\)$/\1 \2 \2/p' \> conftest.nm
configure:6283: $? = 0
configure:6335: gcc -o conftest -g -O2   conftest.c conftstm.o >&5
configure:6338: $? = 0
configure:6376: result: ok
configure:6380: checking for objdir
configure:6395: result: .libs
configure:6487: checking for ar
configure:6503: found /usr/bin/ar
configure:6514: result: ar
configure:6583: checking for ranlib
configure:6599: found /usr/bin/ranlib
configure:6610: result: ranlib
configure:6679: checking for strip
configure:6695: found /usr/bin/strip
configure:6706: result: strip
configure:6992: checking if gcc supports -fno-rtti -fno-exceptions
configure:7010: gcc -c -g -O2  -fno-rtti -fno-exceptions conftest.c >&5
cc1: warning: command line option "-fno-rtti" is valid for C++/ObjC++ but not for C
configure:7014: $? = 0
configure:7027: result: no
configure:7042: checking for gcc option to produce PIC
configure:7252: result: -fPIC
configure:7260: checking if gcc PIC flag -fPIC works
configure:7278: gcc -c -g -O2  -fPIC -DPIC conftest.c >&5
configure:7282: $? = 0
configure:7295: result: yes
configure:7323: checking if gcc static flag -static works
configure:7351: result: no
configure:7361: checking if gcc supports -c -o file.o
configure:7382: gcc -c -g -O2  -o out/conftest2.o conftest.c >&5
configure:7386: $? = 0
configure:7408: result: yes
configure:7434: checking whether the gcc linker (/usr/bin/ld) supports shared libraries
configure:8389: result: yes
configure:8456: checking dynamic linker characteristics
configure:9032: result: GNU/Linux ld.so
configure:9041: checking how to hardcode library paths into programs
configure:9066: result: immediate
configure:9080: checking whether stripping libraries is possible
configure:9085: result: yes
configure:9886: checking if libtool supports shared libraries
configure:9888: result: yes
configure:9891: checking whether to build shared libraries
configure:9912: result: no
configure:9915: checking whether to build static libraries
configure:9919: result: yes
configure:10011: creating libtool
configure:10599: checking for ld used by g++
configure:10666: result: /usr/bin/ld
configure:10675: checking if the linker (/usr/bin/ld) is GNU ld
configure:10690: result: yes
configure:10741: checking whether the g++ linker (/usr/bin/ld) supports shared libraries
configure:11675: result: yes
configure:11693: g++ -c -g -O2  conftest.cpp >&5
configure:11696: $? = 0
configure:11815: checking for g++ option to produce PIC
configure:12089: result: -fPIC
configure:12097: checking if g++ PIC flag -fPIC works
configure:12115: g++ -c -g -O2  -fPIC -DPIC conftest.cpp >&5
configure:12119: $? = 0
configure:12132: result: yes
configure:12160: checking if g++ static flag -static works
configure:12188: result: no
configure:12198: checking if g++ supports -c -o file.o
configure:12219: g++ -c -g -O2  -o out/conftest2.o conftest.cpp >&5
configure:12223: $? = 0
configure:12245: result: yes
configure:12271: checking whether the g++ linker (/usr/bin/ld) supports shared libraries
configure:12299: result: yes
configure:12366: checking dynamic linker characteristics
configure:12942: result: GNU/Linux ld.so
configure:12951: checking how to hardcode library paths into programs
configure:12976: result: immediate
configure:13502: checking if libtool supports shared libraries
configure:13504: result: yes
configure:13507: checking whether to build shared libraries
configure:13527: result: no
configure:13530: checking whether to build static libraries
configure:13534: result: yes
configure:13544: checking for gfortran option to produce PIC
configure:13754: result: -fPIC
configure:13762: checking if gfortran PIC flag -fPIC works
configure:13780: gfortran -c -g -O2 -fPIC conftest.f >&5
configure:13784: $? = 0
configure:13797: result: yes
configure:13825: checking if gfortran static flag -static works
configure:13853: result: no
configure:13863: checking if gfortran supports -c -o file.o
configure:13884: gfortran -c -g -O2 -o out/conftest2.o conftest.f >&5
configure:13888: $? = 0
configure:13910: result: yes
configure:13936: checking whether the gfortran linker (/usr/bin/ld) supports shared libraries
configure:14871: result: yes
configure:14938: checking dynamic linker characteristics
configure:15514: result: GNU/Linux ld.so
configure:15523: checking how to hardcode library paths into programs
configure:15548: result: immediate
configure:19144: checking for gcc
configure:19171: result: gcc
configure:19409: checking for C compiler version
configure:19416: gcc --version >&5
gcc (GCC) 4.4.6 20110731 (Red Hat 4.4.6-3)
Copyright (C) 2010 Free Software Foundation, Inc.
This is free software; see the source for copying conditions.  There is NO
warranty; not even for MERCHANTABILITY or FITNESS FOR A PARTICULAR PURPOSE.

configure:19419: $? = 0
configure:19426: gcc -v >&5
Using built-in specs.
Target: i686-redhat-linux
Configured with: ../configure --prefix=/usr --mandir=/usr/share/man --infodir=/usr/share/info --with-bugurl=http://bugzilla.redhat.com/bugzilla --enable-bootstrap --enable-shared --enable-threads=posix --enable-checking=release --with-system-zlib --enable-__cxa_atexit --disable-libunwind-exceptions --enable-gnu-unique-object --enable-languages=c,c++,objc,obj-c++,java,fortran,ada --enable-java-awt=gtk --disable-dssi --with-java-home=/usr/lib/jvm/java-1.5.0-gcj-1.5.0.0/jre --enable-libgcj-multifile --enable-java-maintainer-mode --with-ecj-jar=/usr/share/java/eclipse-ecj.jar --disable-libjava-multilib --with-ppl --with-cloog --with-tune=generic --with-arch=i686 --build=i686-redhat-linux
Thread model: posix
gcc version 4.4.6 20110731 (Red Hat 4.4.6-3) (GCC) 
configure:19429: $? = 0
configure:19436: gcc -V >&5
gcc: '-V' option must have argument
configure:19439: $? = 1
configure:19442: checking whether we are using the GNU C compiler
configure:19494: result: yes
configure:19499: checking whether gcc accepts -g
configure:19634: result: yes
configure:19651: checking for gcc option to accept ISO C89
configure:19754: result: none needed
configure:19774: checking dependency style of gcc
configure:19864: result: gcc3
configure:19882: checking whether gcc and cc understand -c and -o together
configure:19917: gcc -c conftest.c -o conftest2.o >&5
configure:19920: $? = 0
configure:19926: gcc -c conftest.c -o conftest2.o >&5
configure:19929: $? = 0
configure:19940: cc -c conftest.c >&5
configure:19943: $? = 0
configure:19951: cc -c conftest.c -o conftest2.o >&5
configure:19954: $? = 0
configure:19960: cc -c conftest.c -o conftest2.o >&5
configure:19963: $? = 0
configure:19981: result: yes
configure:20011: checking how to run the C preprocessor
configure:20127: result: gcc -E
configure:20156: gcc -E  conftest.c
configure:20162: $? = 0
configure:20193: gcc -E  conftest.c
conftest.c:21:28: error: ac_nonexistent.h: No such file or directory
configure:20199: $? = 1
configure: failed program was:
| /* confdefs.h.  */
| #define PACKAGE_NAME ""
| #define PACKAGE_TARNAME ""
| #define PACKAGE_VERSION ""
| #define PACKAGE_STRING ""
| #define PACKAGE_BUGREPORT ""
| #define PACKAGE "faad2"
| #define VERSION "2.7.0"
| #define STDC_HEADERS 1
| #define HAVE_SYS_TYPES_H 1
| #define HAVE_SYS_STAT_H 1
| #define HAVE_STDLIB_H 1
| #define HAVE_STRING_H 1
| #define HAVE_MEMORY_H 1
| #define HAVE_STRINGS_H 1
| #define HAVE_INTTYPES_H 1
| #define HAVE_STDINT_H 1
| #define HAVE_UNISTD_H 1
| #define HAVE_DLFCN_H 1
| /* end confdefs.h.  */
| #include <ac_nonexistent.h>
configure:20352: checking for C++ compiler version
configure:20359: g++ --version >&5
g++ (GCC) 4.4.6 20110731 (Red Hat 4.4.6-3)
Copyright (C) 2010 Free Software Foundation, Inc.
This is free software; see the source for copying conditions.  There is NO
warranty; not even for MERCHANTABILITY or FITNESS FOR A PARTICULAR PURPOSE.

configure:20362: $? = 0
configure:20369: g++ -v >&5
Using built-in specs.
Target: i686-redhat-linux
Configured with: ../configure --prefix=/usr --mandir=/usr/share/man --infodir=/usr/share/info --with-bugurl=http://bugzilla.redhat.com/bugzilla --enable-bootstrap --enable-shared --enable-threads=posix --enable-checking=release --with-system-zlib --enable-__cxa_atexit --disable-libunwind-exceptions --enable-gnu-unique-object --enable-languages=c,c++,objc,obj-c++,java,fortran,ada --enable-java-awt=gtk --disable-dssi --with-java-home=/usr/lib/jvm/java-1.5.0-gcj-1.5.0.0/jre --enable-libgcj-multifile --enable-java-maintainer-mode --with-ecj-jar=/usr/share/java/eclipse-ecj.jar --disable-libjava-multilib --with-ppl --with-cloog --with-tune=generic --with-arch=i686 --build=i686-redhat-linux
Thread model: posix
gcc version 4.4.6 20110731 (Red Hat 4.4.6-3) (GCC) 
configure:20372: $? = 0
configure:20379: g++ -V >&5
g++: '-V' option must have argument
configure:20382: $? = 1
configure:20385: checking whether we are using the GNU C++ compiler
configure:20437: result: yes
configure:20442: checking whether g++ accepts -g
configure:20577: result: yes
configure:20602: checking dependency style of g++
configure:20692: result: gcc3
configure:20722: checking for a BSD-compatible install
configure:20778: result: /usr/bin/install -c
configure:20789: checking whether ln -s works
configure:20793: result: yes
configure:20800: checking whether make sets $(MAKE)
configure:20821: result: yes
configure:20834: checking for rpmbuild
configure:20850: found /usr/bin/rpmbuild
configure:20861: result: rpmbuild
configure:20904: checking for ANSI C header files
configure:21068: result: yes
configure:21084: checking for stdint.h
configure:21090: result: yes
configure:21084: checking for inttypes.h
configure:21090: result: yes
configure:21234: checking mathf.h usability
configure:21251: gcc -c -g -O2  conftest.c >&5
conftest.c:57:19: error: mathf.h: No such file or directory
configure:21257: $? = 1
configure: failed program was:
| /* confdefs.h.  */
| #define PACKAGE_NAME ""
| #define PACKAGE_TARNAME ""
| #define PACKAGE_VERSION ""
| #define PACKAGE_STRING ""
| #define PACKAGE_BUGREPORT ""
| #define PACKAGE "faad2"
| #define VERSION "2.7.0"
| #define STDC_HEADERS 1
| #define HAVE_SYS_TYPES_H 1
| #define HAVE_SYS_STAT_H 1
| #define HAVE_STDLIB_H 1
| #define HAVE_STRING_H 1
| #define HAVE_MEMORY_H 1
| #define HAVE_STRINGS_H 1
| #define HAVE_INTTYPES_H 1
| #define HAVE_STDINT_H 1
| #define HAVE_UNISTD_H 1
| #define HAVE_DLFCN_H 1
| #define STDC_HEADERS 1
| #define HAVE_STDINT_H 1
| #define HAVE_INTTYPES_H 1
| /* end confdefs.h.  */
| #include <stdio.h>
| #ifdef HAVE_SYS_TYPES_H
| # include <sys/types.h>
| #endif
| #ifdef HAVE_SYS_STAT_H
| # include <sys/stat.h>
| #endif
| #ifdef STDC_HEADERS
| # include <stdlib.h>
| # include <stddef.h>
| #else
| # ifdef HAVE_STDLIB_H
| #  include <stdlib.h>
| # endif
| #endif
| #ifdef HAVE_STRING_H
| # if !defined STDC_HEADERS && defined HAVE_MEMORY_H
| #  include <memory.h>
| # endif
| # include <string.h>
| #endif
| #ifdef HAVE_STRINGS_H
| # include <strings.h>
| #endif
| #ifdef HAVE_INTTYPES_H
| # include <inttypes.h>
| #endif
| #ifdef HAVE_STDINT_H
| # include <stdint.h>
| #endif
| #ifdef HAVE_UNISTD_H
| # include <unistd.h>
| #endif
| #include <mathf.h>
configure:21271: result: no
configure:21275: checking mathf.h presence
configure:21290: gcc -E  conftest.c
conftest.c:24:19: error: mathf.h: No such file or directory
configure:21296: $? = 1
configure: failed program was:
| /* confdefs.h.  */
| #define PACKAGE_NAME ""
| #define PACKAGE_TARNAME ""
| #define PACKAGE_VERSION ""
| #define PACKAGE_STRING ""
| #define PACKAGE_BUGREPORT ""
| #define PACKAGE "faad2"
| #define VERSION "2.7.0"
| #define STDC_HEADERS 1
| #define HAVE_SYS_TYPES_H 1
| #define HAVE_SYS_STAT_H 1
| #define HAVE_STDLIB_H 1
| #define HAVE_STRING_H 1
| #define HAVE_MEMORY_H 1
| #define HAVE_STRINGS_H 1
| #define HAVE_INTTYPES_H 1
| #define HAVE_STDINT_H 1
| #define HAVE_UNISTD_H 1
| #define HAVE_DLFCN_H 1
| #define STDC_HEADERS 1
| #define HAVE_STDINT_H 1
| #define HAVE_INTTYPES_H 1
| /* end confdefs.h.  */
| #include <mathf.h>
configure:21310: result: no
configure:21338: checking for mathf.h
configure:21346: result: no
configure:21374: checking float.h usability
configure:21391: gcc -c -g -O2  conftest.c >&5
configure:21397: $? = 0
configure:21411: result: yes
configure:21415: checking float.h presence
configure:21430: gcc -E  conftest.c
configure:21436: $? = 0
configure:21450: result: yes
configure:21478: checking for float.h
configure:21486: result: yes
configure:21504: checking for strchr
configure:21560: gcc -o conftest -g -O2   conftest.c  >&5
conftest.c:48: warning: conflicting types for built-in function 'strchr'
configure:21566: $? = 0
configure:21584: result: yes
configure:21504: checking for memcpy
configure:21560: gcc -o conftest -g -O2   conftest.c  >&5
conftest.c:49: warning: conflicting types for built-in function 'memcpy'
configure:21566: $? = 0
configure:21584: result: yes
configure:21609: checking sys/time.h usability
configure:21626: gcc -c -g -O2  conftest.c >&5
configure:21632: $? = 0
configure:21646: result: yes
configure:21650: checking sys/time.h presence
configure:21665: gcc -E  conftest.c
configure:21671: $? = 0
configure:21685: result: yes
configure:21713: checking for sys/time.h
configure:21721: result: yes
configure:21734: checking whether time.h and sys/time.h may both be included
configure:21764: gcc -c -g -O2  conftest.c >&5
configure:21770: $? = 0
configure:21785: result: yes
configure:21814: checking errno.h usability
configure:21831: gcc -c -g -O2  conftest.c >&5
configure:21837: $? = 0
configure:21851: result: yes
configure:21855: checking errno.h presence
configure:21870: gcc -E  conftest.c
configure:21876: $? = 0
configure:21890: result: yes
configure:21918: checking for errno.h
configure:21926: result: yes
configure:21804: checking for sys/stat.h
configure:21810: result: yes
configure:21804: checking for sys/types.h
configure:21810: result: yes
configure:21814: checking limits.h usability
configure:21831: gcc -c -g -O2  conftest.c >&5
configure:21837: $? = 0
configure:21851: result: yes
configure:21855: checking limits.h presence
configure:21870: gcc -E  conftest.c
configure:21876: $? = 0
configure:21890: result: yes
configure:21918: checking for limits.h
configure:21926: result: yes
configure:21954: checking sysfs/libsysfs.h usability
configure:21971: gcc -c -g -O2  conftest.c >&5
conftest.c:66:28: error: sysfs/libsysfs.h: No such file or directory
configure:21977: $? = 1
configure: failed program was:
| /* confdefs.h.  */
| #define PACKAGE_NAME ""
| #define PACKAGE_TARNAME ""
| #define PACKAGE_VERSION ""
| #define PACKAGE_STRING ""
| #define PACKAGE_BUGREPORT ""
| #define PACKAGE "faad2"
| #define VERSION "2.7.0"
| #define STDC_HEADERS 1
| #define HAVE_SYS_TYPES_H 1
| #define HAVE_SYS_STAT_H 1
| #define HAVE_STDLIB_H 1
| #define HAVE_STRING_H 1
| #define HAVE_MEMORY_H 1
| #define HAVE_STRINGS_H 1
| #define HAVE_INTTYPES_H 1
| #define HAVE_STDINT_H 1
| #define HAVE_UNISTD_H 1
| #define HAVE_DLFCN_H 1
| #define STDC_HEADERS 1
| #define HAVE_STDINT_H 1
| #define HAVE_INTTYPES_H 1
| #define HAVE_FLOAT_H 1
| #define HAVE_STRCHR 1
| #define HAVE_MEMCPY 1
| #define HAVE_SYS_TIME_H 1
| #define TIME_WITH_SYS_TIME 1
| #define HAVE_ERRNO_H 1
| #define HAVE_SYS_STAT_H 1
| #define HAVE_SYS_TYPES_H 1
| #define HAVE_LIMITS_H 1
| /* end confdefs.h.  */
| #include <stdio.h>
| #ifdef HAVE_SYS_TYPES_H
| # include <sys/types.h>
| #endif
| #ifdef HAVE_SYS_STAT_H
| # include <sys/stat.h>
| #endif
| #ifdef STDC_HEADERS
| # include <stdlib.h>
| # include <stddef.h>
| #else
| # ifdef HAVE_STDLIB_H
| #  include <stdlib.h>
| # endif
| #endif
| #ifdef HAVE_STRING_H
| # if !defined STDC_HEADERS && defined HAVE_MEMORY_H
| #  include <memory.h>
| # endif
| # include <string.h>
| #endif
| #ifdef HAVE_STRINGS_H
| # include <strings.h>
| #endif
| #ifdef HAVE_INTTYPES_H
| # include <inttypes.h>
| #endif
| #ifdef HAVE_STDINT_H
| # include <stdint.h>
| #endif
| #ifdef HAVE_UNISTD_H
| # include <unistd.h>
| #endif
| #include <sysfs/libsysfs.h>
configure:21991: result: no
configure:21995: checking sysfs/libsysfs.h presence
configure:22010: gcc -E  conftest.c
conftest.c:33:28: error: sysfs/libsysfs.h: No such file or directory
configure:22016: $? = 1
configure: failed program was:
| /* confdefs.h.  */
| #define PACKAGE_NAME ""
| #define PACKAGE_TARNAME ""
| #define PACKAGE_VERSION ""
| #define PACKAGE_STRING ""
| #define PACKAGE_BUGREPORT ""
| #define PACKAGE "faad2"
| #define VERSION "2.7.0"
| #define STDC_HEADERS 1
| #define HAVE_SYS_TYPES_H 1
| #define HAVE_SYS_STAT_H 1
| #define HAVE_STDLIB_H 1
| #define HAVE_STRING_H 1
| #define HAVE_MEMORY_H 1
| #define HAVE_STRINGS_H 1
| #define HAVE_INTTYPES_H 1
| #define HAVE_STDINT_H 1
| #define HAVE_UNISTD_H 1
| #define HAVE_DLFCN_H 1
| #define STDC_HEADERS 1
| #define HAVE_STDINT_H 1
| #define HAVE_INTTYPES_H 1
| #define HAVE_FLOAT_H 1
| #define HAVE_STRCHR 1
| #define HAVE_MEMCPY 1
| #define HAVE_SYS_TIME_H 1
| #define TIME_WITH_SYS_TIME 1
| #define HAVE_ERRNO_H 1
| #define HAVE_SYS_STAT_H 1
| #define HAVE_SYS_TYPES_H 1
| #define HAVE_LIMITS_H 1
| /* end confdefs.h.  */
| #include <sysfs/libsysfs.h>
configure:22030: result: no
configure:22058: checking for sysfs/libsysfs.h
configure:22066: result: no
configure:22094: checking IOKit/IOKitLib.h usability
configure:22111: gcc -c -g -O2  conftest.c >&5
conftest.c:66:28: error: IOKit/IOKitLib.h: No such file or directory
configure:22117: $? = 1
configure: failed program was:
| /* confdefs.h.  */
| #define PACKAGE_NAME ""
| #define PACKAGE_TARNAME ""
| #define PACKAGE_VERSION ""
| #define PACKAGE_STRING ""
| #define PACKAGE_BUGREPORT ""
| #define PACKAGE "faad2"
| #define VERSION "2.7.0"
| #define STDC_HEADERS 1
| #define HAVE_SYS_TYPES_H 1
| #define HAVE_SYS_STAT_H 1
| #define HAVE_STDLIB_H 1
| #define HAVE_STRING_H 1
| #define HAVE_MEMORY_H 1
| #define HAVE_STRINGS_H 1
| #define HAVE_INTTYPES_H 1
| #define HAVE_STDINT_H 1
| #define HAVE_UNISTD_H 1
| #define HAVE_DLFCN_H 1
| #define STDC_HEADERS 1
| #define HAVE_STDINT_H 1
| #define HAVE_INTTYPES_H 1
| #define HAVE_FLOAT_H 1
| #define HAVE_STRCHR 1
| #define HAVE_MEMCPY 1
| #define HAVE_SYS_TIME_H 1
| #define TIME_WITH_SYS_TIME 1
| #define HAVE_ERRNO_H 1
| #define HAVE_SYS_STAT_H 1
| #define HAVE_SYS_TYPES_H 1
| #define HAVE_LIMITS_H 1
| /* end confdefs.h.  */
| #include <stdio.h>
| #ifdef HAVE_SYS_TYPES_H
| # include <sys/types.h>
| #endif
| #ifdef HAVE_SYS_STAT_H
| # include <sys/stat.h>
| #endif
| #ifdef STDC_HEADERS
| # include <stdlib.h>
| # include <stddef.h>
| #else
| # ifdef HAVE_STDLIB_H
| #  include <stdlib.h>
| # endif
| #endif
| #ifdef HAVE_STRING_H
| # if !defined STDC_HEADERS && defined HAVE_MEMORY_H
| #  include <memory.h>
| # endif
| # include <string.h>
| #endif
| #ifdef HAVE_STRINGS_H
| # include <strings.h>
| #endif
| #ifdef HAVE_INTTYPES_H
| # include <inttypes.h>
| #endif
| #ifdef HAVE_STDINT_H
| # include <stdint.h>
| #endif
| #ifdef HAVE_UNISTD_H
| # include <unistd.h>
| #endif
| #include <IOKit/IOKitLib.h>
configure:22131: result: no
configure:22135: checking IOKit/IOKitLib.h presence
configure:22150: gcc -E  conftest.c
conftest.c:33:28: error: IOKit/IOKitLib.h: No such file or directory
configure:22156: $? = 1
configure: failed program was:
| /* confdefs.h.  */
| #define PACKAGE_NAME ""
| #define PACKAGE_TARNAME ""
| #define PACKAGE_VERSION ""
| #define PACKAGE_STRING ""
| #define PACKAGE_BUGREPORT ""
| #define PACKAGE "faad2"
| #define VERSION "2.7.0"
| #define STDC_HEADERS 1
| #define HAVE_SYS_TYPES_H 1
| #define HAVE_SYS_STAT_H 1
| #define HAVE_STDLIB_H 1
| #define HAVE_STRING_H 1
| #define HAVE_MEMORY_H 1
| #define HAVE_STRINGS_H 1
| #define HAVE_INTTYPES_H 1
| #define HAVE_STDINT_H 1
| #define HAVE_UNISTD_H 1
| #define HAVE_DLFCN_H 1
| #define STDC_HEADERS 1
| #define HAVE_STDINT_H 1
| #define HAVE_INTTYPES_H 1
| #define HAVE_FLOAT_H 1
| #define HAVE_STRCHR 1
| #define HAVE_MEMCPY 1
| #define HAVE_SYS_TIME_H 1
| #define TIME_WITH_SYS_TIME 1
| #define HAVE_ERRNO_H 1
| #define HAVE_SYS_STAT_H 1
| #define HAVE_SYS_TYPES_H 1
| #define HAVE_LIMITS_H 1
| /* end confdefs.h.  */
| #include <IOKit/IOKitLib.h>
configure:22170: result: no
configure:22198: checking for IOKit/IOKitLib.h
configure:22206: result: no
configure:22287: checking for getpwuid
configure:22343: gcc -o conftest -g -O2   conftest.c  >&5
configure:22349: $? = 0
configure:22367: result: yes
configure:22378: checking for inline
configure:22404: gcc -c -g -O2  conftest.c >&5
configure:22410: $? = 0
configure:22428: result: inline
configure:22447: checking whether byte ordering is bigendian
configure:22480: gcc -c -g -O2  conftest.c >&5
configure:22486: $? = 0
configure:22518: gcc -c -g -O2  conftest.c >&5
conftest.c: In function 'main':
conftest.c:41: error: 'not' undeclared (first use in this function)
conftest.c:41: error: (Each undeclared identifier is reported only once
conftest.c:41: error: for each function it appears in.)
conftest.c:41: error: expected ';' before 'big'
configure:22524: $? = 1
configure: failed program was:
| /* confdefs.h.  */
| #define PACKAGE_NAME ""
| #define PACKAGE_TARNAME ""
| #define PACKAGE_VERSION ""
| #define PACKAGE_STRING ""
| #define PACKAGE_BUGREPORT ""
| #define PACKAGE "faad2"
| #define VERSION "2.7.0"
| #define STDC_HEADERS 1
| #define HAVE_SYS_TYPES_H 1
| #define HAVE_SYS_STAT_H 1
| #define HAVE_STDLIB_H 1
| #define HAVE_STRING_H 1
| #define HAVE_MEMORY_H 1
| #define HAVE_STRINGS_H 1
| #define HAVE_INTTYPES_H 1
| #define HAVE_STDINT_H 1
| #define HAVE_UNISTD_H 1
| #define HAVE_DLFCN_H 1
| #define STDC_HEADERS 1
| #define HAVE_STDINT_H 1
| #define HAVE_INTTYPES_H 1
| #define HAVE_FLOAT_H 1
| #define HAVE_STRCHR 1
| #define HAVE_MEMCPY 1
| #define HAVE_SYS_TIME_H 1
| #define TIME_WITH_SYS_TIME 1
| #define HAVE_ERRNO_H 1
| #define HAVE_SYS_STAT_H 1
| #define HAVE_SYS_TYPES_H 1
| #define HAVE_LIMITS_H 1
| #define HAVE_GETPWUID 1
| /* end confdefs.h.  */
| #include <sys/types.h>
| #include <sys/param.h>
| 
| int
| main ()
| {
| #if BYTE_ORDER != BIG_ENDIAN
|  not big endian
| #endif
| 
|   ;
|   return 0;
| }
configure:22664: result: no
configure:22684: checking for off_t
configure:22714: gcc -c -g -O2  conftest.c >&5
configure:22720: $? = 0
configure:22735: result: yes
configure:22751: checking for lrintf
configure:22787: gcc -o conftest -O -lm   conftest.c  >&5
configure:22793: $? = 0
configure:22814: result: yes
configure:22827: checking for float32_t temp
configure:22851: gcc -c -g -O2  conftest.c >&5
conftest.c:35:23: warning: extra tokens at end of #include directive
conftest.c:36:31: error: sys/float.h: No such file or directory
conftest.c: In function 'main':
conftest.c:40: error: 'float32_t' undeclared (first use in this function)
conftest.c:40: error: (Each undeclared identifier is reported only once
conftest.c:40: error: for each function it appears in.)
conftest.c:40: error: expected ';' before 'temp'
configure:22857: $? = 1
configure: failed program was:
| /* confdefs.h.  */
| #define PACKAGE_NAME ""
| #define PACKAGE_TARNAME ""
| #define PACKAGE_VERSION ""
| #define PACKAGE_STRING ""
| #define PACKAGE_BUGREPORT ""
| #define PACKAGE "faad2"
| #define VERSION "2.7.0"
| #define STDC_HEADERS 1
| #define HAVE_SYS_TYPES_H 1
| #define HAVE_SYS_STAT_H 1
| #define HAVE_STDLIB_H 1
| #define HAVE_STRING_H 1
| #define HAVE_MEMORY_H 1
| #define HAVE_STRINGS_H 1
| #define HAVE_INTTYPES_H 1
| #define HAVE_STDINT_H 1
| #define HAVE_UNISTD_H 1
| #define HAVE_DLFCN_H 1
| #define STDC_HEADERS 1
| #define HAVE_STDINT_H 1
| #define HAVE_INTTYPES_H 1
| #define HAVE_FLOAT_H 1
| #define HAVE_STRCHR 1
| #define HAVE_MEMCPY 1
| #define HAVE_SYS_TIME_H 1
| #define TIME_WITH_SYS_TIME 1
| #define HAVE_ERRNO_H 1
| #define HAVE_SYS_STAT_H 1
| #define HAVE_SYS_TYPES_H 1
| #define HAVE_LIMITS_H 1
| #define HAVE_GETPWUID 1
| #define HAVE_LRINTF 1
| /* end confdefs.h.  */
| #include <sys/types.h>,
|         #include <sys/float.h>
| int
| main ()
| {
| float32_t temp;
|   ;
|   return 0;
| }
configure:22880: result: no
configure:22889: checking for strsep
configure:22945: gcc -o conftest -g -O2   conftest.c  >&5
configure:22951: $? = 0
configure:22969: result: yes
configure:22982: checking for mpeg4ip-config
configure:23010: result: no
configure:23425: no xmms build configured
configure:23636: creating ./config.status

## ---------------------- ##
## Running config.status. ##
## ---------------------- ##

This file was extended by config.status, which was
generated by GNU Autoconf 2.61.  Invocation command line was

  CONFIG_FILES    = 
  CONFIG_HEADERS  = 
  CONFIG_LINKS    = 
  CONFIG_COMMANDS = 
  $ ./config.status 

on localhost.localdomain

config.status:678: creating libfaad/Makefile
config.status:678: creating common/Makefile
config.status:678: creating common/mp4ff/Makefile
config.status:678: creating plugins/Makefile
config.status:678: creating plugins/xmms/Makefile
config.status:678: creating plugins/xmms/src/Makefile
config.status:678: creating plugins/mpeg4ip/Makefile
config.status:678: creating faad2.spec
config.status:678: creating frontend/Makefile
config.status:678: creating Makefile
config.status:678: creating config.h
config.status:914: config.h is unchanged
config.status:960: executing depfiles commands

## ---------------- ##
## Cache variables. ##
## ---------------- ##

ac_cv_build=i686-pc-linux-gnu
ac_cv_c99_lrintf=yes
ac_cv_c_bigendian=no
ac_cv_c_compiler_gnu=yes
ac_cv_c_inline=inline
ac_cv_cxx_compiler_gnu=yes
ac_cv_env_CCC_set=
ac_cv_env_CCC_value=
ac_cv_env_CC_set=
ac_cv_env_CC_value=
ac_cv_env_CFLAGS_set=
ac_cv_env_CFLAGS_value=
ac_cv_env_CPPFLAGS_set=
ac_cv_env_CPPFLAGS_value=
ac_cv_env_CPP_set=
ac_cv_env_CPP_value=
ac_cv_env_CXXCPP_set=
ac_cv_env_CXXCPP_value=
ac_cv_env_CXXFLAGS_set=
ac_cv_env_CXXFLAGS_value=
ac_cv_env_CXX_set=
ac_cv_env_CXX_value=
ac_cv_env_F77_set=
ac_cv_env_F77_value=
ac_cv_env_FFLAGS_set=
ac_cv_env_FFLAGS_value=
ac_cv_env_LDFLAGS_set=
ac_cv_env_LDFLAGS_value=
ac_cv_env_LIBS_set=
ac_cv_env_LIBS_value=
ac_cv_env_build_alias_set=
ac_cv_env_build_alias_value=
ac_cv_env_host_alias_set=
ac_cv_env_host_alias_value=
ac_cv_env_target_alias_set=
ac_cv_env_target_alias_value=
ac_cv_f77_compiler_gnu=yes
ac_cv_func_getpwuid=yes
ac_cv_func_memcpy=yes
ac_cv_func_strchr=yes
ac_cv_func_strsep=yes
ac_cv_header_IOKit_IOKitLib_h=no
ac_cv_header_dlfcn_h=yes
ac_cv_header_errno_h=yes
ac_cv_header_float_h=yes
ac_cv_header_inttypes_h=yes
ac_cv_header_limits_h=yes
ac_cv_header_mathf_h=no
ac_cv_header_memory_h=yes
ac_cv_header_stdc=yes
ac_cv_header_stdint_h=yes
ac_cv_header_stdlib_h=yes
ac_cv_header_string_h=yes
ac_cv_header_strings_h=yes
ac_cv_header_sys_stat_h=yes
ac_cv_header_sys_time_h=yes
ac_cv_header_sys_types_h=yes
ac_cv_header_sysfs_libsysfs_h=no
ac_cv_header_time=yes
ac_cv_header_unistd_h=yes
ac_cv_host=i686-pc-linux-gnu
ac_cv_objext=o
ac_cv_path_EGREP='/bin/grep -E'
ac_cv_path_GREP=/bin/grep
ac_cv_path_install='/usr/bin/install -c'
ac_cv_prog_AWK=gawk
ac_cv_prog_CPP='gcc -E'
ac_cv_prog_CXXCPP='g++ -E'
ac_cv_prog_RPMBUILD=rpmbuild
ac_cv_prog_ac_ct_AR=ar
ac_cv_prog_ac_ct_CC=gcc
ac_cv_prog_ac_ct_CXX=g++
ac_cv_prog_ac_ct_F77=gfortran
ac_cv_prog_ac_ct_RANLIB=ranlib
ac_cv_prog_ac_ct_STRIP=strip
ac_cv_prog_cc_c89=
ac_cv_prog_cc_g=yes
ac_cv_prog_cc_gcc_c_o=yes
ac_cv_prog_cxx_g=yes
ac_cv_prog_external_mp4v2=no
ac_cv_prog_f77_g=yes
ac_cv_prog_make_make_set=yes
ac_cv_type_off_t=yes
am_cv_CC_dependencies_compiler_type=gcc3
am_cv_CXX_dependencies_compiler_type=gcc3
lt_cv_deplibs_check_method=pass_all
lt_cv_file_magic_cmd='$MAGIC_CMD'
lt_cv_file_magic_test_file=
lt_cv_ld_reload_flag=-r
lt_cv_objdir=.libs
lt_cv_path_LD=/usr/bin/ld
lt_cv_path_LDCXX=/usr/bin/ld
lt_cv_path_NM='/usr/bin/nm -B'
lt_cv_path_SED=/bin/sed
lt_cv_prog_compiler_c_o=yes
lt_cv_prog_compiler_c_o_CXX=yes
lt_cv_prog_compiler_c_o_F77=yes
lt_cv_prog_compiler_rtti_exceptions=no
lt_cv_prog_gnu_ld=yes
lt_cv_prog_gnu_ldcxx=yes
lt_cv_sys_global_symbol_pipe='sed -n -e '\''s/^.*[ 	]\([ABCDGIRSTW][ABCDGIRSTW]*\)[ 	][ 	]*\([_A-Za-z][_A-Za-z0-9]*\)$/\1 \2 \2/p'\'''
lt_cv_sys_global_symbol_to_c_name_address='sed -n -e '\''s/^: \([^ ]*\) $/  {\"\1\", (lt_ptr) 0},/p'\'' -e '\''s/^[BCDEGRST] \([^ ]*\) \([^ ]*\)$/  {"\2", (lt_ptr) \&\2},/p'\'''
lt_cv_sys_global_symbol_to_cdecl='sed -n -e '\''s/^. .* \(.*\)$/extern int \1;/p'\'''
lt_cv_sys_max_cmd_len=32768
lt_lt_cv_prog_compiler_c_o='"yes"'
lt_lt_cv_prog_compiler_c_o_CXX='"yes"'
lt_lt_cv_prog_compiler_c_o_F77='"yes"'
lt_lt_cv_sys_global_symbol_pipe='"sed -n -e '\''s/^.*[ 	]\\([ABCDGIRSTW][ABCDGIRSTW]*\\)[ 	][ 	]*\\([_A-Za-z][_A-Za-z0-9]*\\)\$/\\1 \\2 \\2/p'\''"'
lt_lt_cv_sys_global_symbol_to_c_name_address='"sed -n -e '\''s/^: \\([^ ]*\\) \$/  {\\\"\\1\\\", (lt_ptr) 0},/p'\'' -e '\''s/^[BCDEGRST] \\([^ ]*\\) \\([^ ]*\\)\$/  {\"\\2\", (lt_ptr) \\&\\2},/p'\''"'
lt_lt_cv_sys_global_symbol_to_cdecl='"sed -n -e '\''s/^. .* \\(.*\\)\$/extern int \\1;/p'\''"'

## ----------------- ##
## Output variables. ##
## ----------------- ##

ACLOCAL='${SHELL} /home/cyj/MyCommonClass/src/faad2-2.7/missing --run aclocal-1.9'
AMDEPBACKSLASH='\'
AMDEP_FALSE='#'
AMDEP_TRUE=''
AMTAR='${SHELL} /home/cyj/MyCommonClass/src/faad2-2.7/missing --run tar'
AR='ar'
AUTOCONF='${SHELL} /home/cyj/MyCommonClass/src/faad2-2.7/missing --run autoconf'
AUTOHEADER='${SHELL} /home/cyj/MyCommonClass/src/faad2-2.7/missing --run autoheader'
AUTOMAKE='${SHELL} /home/cyj/MyCommonClass/src/faad2-2.7/missing --run automake-1.9'
AWK='gawk'
CC='gcc'
CCDEPMODE='depmode=gcc3'
CFLAGS='-g -O2'
CPP='gcc -E'
CPPFLAGS=''
CXX='g++'
CXXCPP='g++ -E'
CXXDEPMODE='depmode=gcc3'
CXXFLAGS='-g -O2'
CYGPATH_W='echo'
DEFS='-DHAVE_CONFIG_H'
DEPDIR='.deps'
ECHO='echo'
ECHO_C=''
ECHO_N='-n'
ECHO_T=''
EGREP='/bin/grep -E'
EXEEXT=''
F77='gfortran'
FFLAGS='-g -O2'
GREP='/bin/grep'
GTK_CONFIG=''
HAVE_MPEG4IP_PLUG_FALSE=''
HAVE_MPEG4IP_PLUG_TRUE='#'
HAVE_XMMS_FALSE=''
HAVE_XMMS_TRUE='#'
INSTALL_DATA='${INSTALL} -m 644'
INSTALL_PROGRAM='${INSTALL}'
INSTALL_SCRIPT='${INSTALL}'
INSTALL_STRIP_PROGRAM='${SHELL} $(install_sh) -c -s'
LDFLAGS=''
LIBOBJS=''
LIBS=''
LIBTOOL='$(SHELL) $(top_builddir)/libtool'
LIBTOOL_DEPS='./ltmain.sh'
LN_S='ln -s'
LTLIBOBJS=''
MAKEINFO='${SHELL} /home/cyj/MyCommonClass/src/faad2-2.7/missing --run makeinfo'
MP4FF_LIBS=''
OBJEXT='o'
PACKAGE='faad2'
PACKAGE_BUGREPORT=''
PACKAGE_NAME=''
PACKAGE_STRING=''
PACKAGE_TARNAME=''
PACKAGE_VERSION=''
PATH_SEPARATOR=':'
RANLIB='ranlib'
RPMBUILD='rpmbuild'
SET_MAKE=''
SHELL='/bin/sh'
STRIP='strip'
VERSION='2.7.0'
XMMS_CONFIG=''
ac_ct_CC='gcc'
ac_ct_CXX='g++'
ac_ct_F77='gfortran'
am__fastdepCC_FALSE='#'
am__fastdepCC_TRUE=''
am__fastdepCXX_FALSE='#'
am__fastdepCXX_TRUE=''
am__include='include'
am__leading_dot='.'
am__quote=''
am__tar='${AMTAR} chof - "$$tardir"'
am__untar='${AMTAR} xf -'
bindir='${exec_prefix}/bin'
build='i686-pc-linux-gnu'
build_alias=''
build_cpu='i686'
build_os='linux-gnu'
build_vendor='pc'
datadir='${datarootdir}'
datarootdir='${prefix}/share'
docdir='${datarootdir}/doc/${PACKAGE}'
dvidir='${docdir}'
exec_prefix='${prefix}'
external_mp4v2='no'
host='i686-pc-linux-gnu'
host_alias=''
host_cpu='i686'
host_os='linux-gnu'
host_vendor='pc'
htmldir='${docdir}'
includedir='${prefix}/include'
infodir='${datarootdir}/info'
install_sh='/home/cyj/MyCommonClass/src/faad2-2.7/install-sh'
libdir='${exec_prefix}/lib'
libexecdir='${exec_prefix}/libexec'
localedir='${datarootdir}/locale'
localstatedir='${prefix}/var'
mandir='${datarootdir}/man'
mkdir_p='mkdir -p --'
oldincludedir='/usr/include'
pdfdir='${docdir}'
prefix='/usr/local/viewmobile/faad'
program_transform_name='s,x,x,'
psdir='${docdir}'
sbindir='${exec_prefix}/sbin'
sharedstatedir='${prefix}/com'
sysconfdir='${prefix}/etc'
target_alias=''

## ----------- ##
## confdefs.h. ##
## ----------- ##

#define PACKAGE_NAME ""
#define PACKAGE_TARNAME ""
#define PACKAGE_VERSION ""
#define PACKAGE_STRING ""
#define PACKAGE_BUGREPORT ""
#define PACKAGE "faad2"
#define VERSION "2.7.0"
#define STDC_HEADERS 1
#define HAVE_SYS_TYPES_H 1
#define HAVE_SYS_STAT_H 1
#define HAVE_STDLIB_H 1
#define HAVE_STRING_H 1
#define HAVE_MEMORY_H 1
#define HAVE_STRINGS_H 1
#define HAVE_INTTYPES_H 1
#define HAVE_STDINT_H 1
#define HAVE_UNISTD_H 1
#define HAVE_DLFCN_H 1
#define STDC_HEADERS 1
#define HAVE_STDINT_H 1
#define HAVE_INTTYPES_H 1
#define HAVE_FLOAT_H 1
#define HAVE_STRCHR 1
#define HAVE_MEMCPY 1
#define HAVE_SYS_TIME_H 1
#define TIME_WITH_SYS_TIME 1
#define HAVE_ERRNO_H 1
#define HAVE_SYS_STAT_H 1
#define HAVE_SYS_TYPES_H 1
#define HAVE_LIMITS_H 1
#define HAVE_GETPWUID 1
#define HAVE_LRINTF 1
#define HAVE_STRSEP 1

configure: exit 0
