This file contains any messages produced by compilers while
running configure, to aid debugging if configure makes a mistake.

It was created by libaacplus configure 2.0.2, which was
generated by GNU Autoconf 2.63.  Invocation command line was

  $ ./configure --enable-shared=no --enable-static --prefix=/usr/local/viewmobile/heaac --without-downloader

## --------- ##
## Platform. ##
## --------- ##

hostname = localhost.localdomain
uname -m = i686
uname -r = 2.6.32-220.4.2.el6.i686
uname -s = Linux
uname -v = #1 SMP Tue Feb 14 00:24:28 GMT 2012

/usr/bin/uname -p = unknown
/bin/uname -X     = unknown

/bin/arch              = i686
/usr/bin/arch -k       = unknown
/usr/convex/getsysinfo = unknown
/usr/bin/hostinfo      = unknown
/bin/machine           = unknown
/usr/bin/oslevel       = unknown
/bin/universe          = unknown

PATH: /opt/STM/STLinux-2.3/devkit/sh4/bin
PATH: /home/cyj/A22/STi7105/qt-embedded-linux-opensource-src-4.5.2/bin
PATH: /opt/STM/STLinux-2.3/devkit/sh4/bin
PATH: /home/cyj/STi7105/ST/stapisdk/bin/tools/linux
PATH: /opt/STM/ST40R5.0.0
PATH: /opt/STM/ST40R5.0.0/bin
PATH: /home/cyj/STi7105/ST/stapisdk/bin
PATH: /opt/STM/STMCR1.5.0/bin
PATH: /home/cyj/A22/STi7105/qt-embedded-linux-opensource-src-4.5.2/bin
PATH: /usr/lib/qt-3.3/bin
PATH: /usr/local/bin
PATH: /usr/bin
PATH: /bin
PATH: /usr/local/sbin
PATH: /usr/sbin
PATH: /sbin
PATH: /home/cyj/bin


## ----------- ##
## Core tests. ##
## ----------- ##

configure:2106: checking for a BSD-compatible install
configure:2174: result: /usr/bin/install -c
configure:2185: checking whether build environment is sane
configure:2245: result: yes
configure:2386: checking for a thread-safe mkdir -p
configure:2425: result: /bin/mkdir -p
configure:2438: checking for gawk
configure:2454: found /usr/bin/gawk
configure:2465: result: gawk
configure:2476: checking whether make sets $(MAKE)
configure:2498: result: yes
configure:2633: checking for gcc
configure:2649: found /usr/bin/gcc
configure:2660: result: gcc
configure:2892: checking for C compiler version
configure:2900: gcc --version >&5
gcc (GCC) 4.4.6 20110731 (Red Hat 4.4.6-3)
Copyright (C) 2010 Free Software Foundation, Inc.
This is free software; see the source for copying conditions.  There is NO
warranty; not even for MERCHANTABILITY or FITNESS FOR A PARTICULAR PURPOSE.

configure:2904: $? = 0
configure:2911: gcc -v >&5
Using built-in specs.
Target: i686-redhat-linux
Configured with: ../configure --prefix=/usr --mandir=/usr/share/man --infodir=/usr/share/info --with-bugurl=http://bugzilla.redhat.com/bugzilla --enable-bootstrap --enable-shared --enable-threads=posix --enable-checking=release --with-system-zlib --enable-__cxa_atexit --disable-libunwind-exceptions --enable-gnu-unique-object --enable-languages=c,c++,objc,obj-c++,java,fortran,ada --enable-java-awt=gtk --disable-dssi --with-java-home=/usr/lib/jvm/java-1.5.0-gcj-1.5.0.0/jre --enable-libgcj-multifile --enable-java-maintainer-mode --with-ecj-jar=/usr/share/java/eclipse-ecj.jar --disable-libjava-multilib --with-ppl --with-cloog --with-tune=generic --with-arch=i686 --build=i686-redhat-linux
Thread model: posix
gcc version 4.4.6 20110731 (Red Hat 4.4.6-3) (GCC) 
configure:2915: $? = 0
configure:2922: gcc -V >&5
gcc: '-V' option must have argument
configure:2926: $? = 1
configure:2949: checking for C compiler default output file name
configure:2971: gcc    conftest.c  >&5
configure:2975: $? = 0
configure:3013: result: a.out
configure:3032: checking whether the C compiler works
configure:3042: ./a.out
configure:3046: $? = 0
configure:3065: result: yes
configure:3072: checking whether we are cross compiling
configure:3074: result: no
configure:3077: checking for suffix of executables
configure:3084: gcc -o conftest    conftest.c  >&5
configure:3088: $? = 0
configure:3114: result: 
configure:3120: checking for suffix of object files
configure:3146: gcc -c   conftest.c >&5
configure:3150: $? = 0
configure:3175: result: o
configure:3179: checking whether we are using the GNU C compiler
configure:3208: gcc -c   conftest.c >&5
configure:3215: $? = 0
configure:3232: result: yes
configure:3241: checking whether gcc accepts -g
configure:3271: gcc -c -g  conftest.c >&5
configure:3278: $? = 0
configure:3379: result: yes
configure:3396: checking for gcc option to accept ISO C89
configure:3470: gcc  -c -g -O2  conftest.c >&5
configure:3477: $? = 0
configure:3500: result: none needed
configure:3529: checking for style of include used by make
configure:3557: result: GNU
configure:3582: checking dependency style of gcc
configure:3692: result: gcc3
configure:3708: checking whether gcc and cc understand -c and -o together
configure:3743: gcc -c conftest.c -o conftest2.o >&5
configure:3747: $? = 0
configure:3753: gcc -c conftest.c -o conftest2.o >&5
configure:3757: $? = 0
configure:3768: cc -c conftest.c >&5
configure:3772: $? = 0
configure:3780: cc -c conftest.c -o conftest2.o >&5
configure:3784: $? = 0
configure:3790: cc -c conftest.c -o conftest2.o >&5
configure:3794: $? = 0
configure:3812: result: yes
configure:3844: checking how to run the C preprocessor
configure:3884: gcc -E  conftest.c
configure:3891: $? = 0
configure:3922: gcc -E  conftest.c
conftest.c:10:28: error: ac_nonexistent.h: No such file or directory
configure:3929: $? = 1
configure: failed program was:
| /* confdefs.h.  */
| #define PACKAGE_NAME "libaacplus"
| #define PACKAGE_TARNAME "libaacplus"
| #define PACKAGE_VERSION "2.0.2"
| #define PACKAGE_STRING "libaacplus 2.0.2"
| #define PACKAGE_BUGREPORT "Sergiy Guriev <piratfm@ua.fm>"
| #define PACKAGE "libaacplus"
| #define VERSION "2.0.2"
| /* end confdefs.h.  */
| #include <ac_nonexistent.h>
configure:3962: result: gcc -E
configure:3991: gcc -E  conftest.c
configure:3998: $? = 0
configure:4029: gcc -E  conftest.c
conftest.c:10:28: error: ac_nonexistent.h: No such file or directory
configure:4036: $? = 1
configure: failed program was:
| /* confdefs.h.  */
| #define PACKAGE_NAME "libaacplus"
| #define PACKAGE_TARNAME "libaacplus"
| #define PACKAGE_VERSION "2.0.2"
| #define PACKAGE_STRING "libaacplus 2.0.2"
| #define PACKAGE_BUGREPORT "Sergiy Guriev <piratfm@ua.fm>"
| #define PACKAGE "libaacplus"
| #define VERSION "2.0.2"
| /* end confdefs.h.  */
| #include <ac_nonexistent.h>
configure:4089: checking for a BSD-compatible install
configure:4157: result: /usr/bin/install -c
configure:4168: checking whether ln -s works
configure:4172: result: yes
configure:4179: checking whether make sets $(MAKE)
configure:4201: result: yes
configure:4216: checking build system type
configure:4234: result: i686-pc-linux-gnu
configure:4256: checking host system type
configure:4271: result: i686-pc-linux-gnu
configure:4621: checking for a sed that does not truncate output
configure:4687: result: /bin/sed
configure:4705: checking for grep that handles long lines and -e
configure:4765: result: /bin/grep
configure:4770: checking for egrep
configure:4834: result: /bin/grep -E
configure:4839: checking for fgrep
configure:4903: result: /bin/grep -F
configure:4938: checking for ld used by gcc
configure:5005: result: /usr/bin/ld
configure:5014: checking if the linker (/usr/bin/ld) is GNU ld
configure:5029: result: yes
configure:5041: checking for BSD- or MS-compatible name lister (nm)
configure:5090: result: /usr/bin/nm -B
configure:5208: checking the name lister (/usr/bin/nm -B) interface
configure:5215: gcc -c -g -O2  conftest.c >&5
configure:5218: /usr/bin/nm -B "conftest.o"
configure:5221: output
00000000 B some_variable
configure:5228: result: BSD nm
configure:5232: checking the maximum length of command line arguments
configure:5352: result: 1966080
configure:5369: checking whether the shell understands some XSI constructs
configure:5379: result: yes
configure:5383: checking whether the shell understands "+="
configure:5389: result: yes
configure:5424: checking for /usr/bin/ld option to reload object files
configure:5431: result: -r
configure:5500: checking for objdump
configure:5527: result: objdump
configure:5556: checking how to recognize dependent libraries
configure:5752: result: pass_all
configure:5812: checking for ar
configure:5828: found /usr/bin/ar
configure:5839: result: ar
configure:5917: checking for strip
configure:5933: found /usr/bin/strip
configure:5944: result: strip
configure:6016: checking for ranlib
configure:6032: found /usr/bin/ranlib
configure:6043: result: ranlib
configure:6133: checking command to parse /usr/bin/nm -B output from gcc object
configure:6251: gcc -c -g -O2  conftest.c >&5
configure:6254: $? = 0
configure:6258: /usr/bin/nm -B conftest.o \| sed -n -e 's/^.*[	 ]\([ABCDGIRSTW][ABCDGIRSTW]*\)[	 ][	 ]*\([_A-Za-z][_A-Za-z0-9]*\)$/\1 \2 \2/p' \> conftest.nm
configure:6261: $? = 0
configure:6315: gcc -o conftest -g -O2   conftest.c conftstm.o >&5
configure:6318: $? = 0
configure:6356: result: ok
configure:7219: checking for ANSI C header files
configure:7249: gcc -c -g -O2  conftest.c >&5
configure:7256: $? = 0
configure:7355: gcc -o conftest -g -O2   conftest.c  >&5
configure:7359: $? = 0
configure:7365: ./conftest
configure:7369: $? = 0
configure:7387: result: yes
configure:7411: checking for sys/types.h
configure:7432: gcc -c -g -O2  conftest.c >&5
configure:7439: $? = 0
configure:7456: result: yes
configure:7411: checking for sys/stat.h
configure:7432: gcc -c -g -O2  conftest.c >&5
configure:7439: $? = 0
configure:7456: result: yes
configure:7411: checking for stdlib.h
configure:7432: gcc -c -g -O2  conftest.c >&5
configure:7439: $? = 0
configure:7456: result: yes
configure:7411: checking for string.h
configure:7432: gcc -c -g -O2  conftest.c >&5
configure:7439: $? = 0
configure:7456: result: yes
configure:7411: checking for memory.h
configure:7432: gcc -c -g -O2  conftest.c >&5
configure:7439: $? = 0
configure:7456: result: yes
configure:7411: checking for strings.h
configure:7432: gcc -c -g -O2  conftest.c >&5
configure:7439: $? = 0
configure:7456: result: yes
configure:7411: checking for inttypes.h
configure:7432: gcc -c -g -O2  conftest.c >&5
configure:7439: $? = 0
configure:7456: result: yes
configure:7411: checking for stdint.h
configure:7432: gcc -c -g -O2  conftest.c >&5
configure:7439: $? = 0
configure:7456: result: yes
configure:7411: checking for unistd.h
configure:7432: gcc -c -g -O2  conftest.c >&5
configure:7439: $? = 0
configure:7456: result: yes
configure:7474: checking for dlfcn.h
configure:7495: gcc -c -g -O2  conftest.c >&5
configure:7502: $? = 0
configure:7519: result: yes
configure:7703: checking for objdir
configure:7718: result: .libs
configure:8014: checking if gcc supports -fno-rtti -fno-exceptions
configure:8032: gcc -c -g -O2  -fno-rtti -fno-exceptions conftest.c >&5
cc1: warning: command line option "-fno-rtti" is valid for C++/ObjC++ but not for C
configure:8036: $? = 0
configure:8049: result: no
configure:8069: checking for gcc option to produce PIC
configure:8341: result: -fPIC -DPIC
configure:8353: checking if gcc PIC flag -fPIC -DPIC works
configure:8371: gcc -c -g -O2  -fPIC -DPIC -DPIC conftest.c >&5
configure:8375: $? = 0
configure:8388: result: yes
configure:8412: checking if gcc static flag -static works
configure:8440: result: no
configure:8455: checking if gcc supports -c -o file.o
configure:8476: gcc -c -g -O2  -o out/conftest2.o conftest.c >&5
configure:8480: $? = 0
configure:8502: result: yes
configure:8510: checking if gcc supports -c -o file.o
configure:8557: result: yes
configure:8590: checking whether the gcc linker (/usr/bin/ld) supports shared libraries
configure:9669: result: yes
configure:9908: checking dynamic linker characteristics
configure:10351: gcc -o conftest -g -O2   -Wl,-rpath -Wl,/foo conftest.c  >&5
configure:10358: $? = 0
configure:10603: result: GNU/Linux ld.so
configure:10705: checking how to hardcode library paths into programs
configure:10730: result: immediate
configure:11563: checking whether stripping libraries is possible
configure:11568: result: yes
configure:11603: checking if libtool supports shared libraries
configure:11605: result: yes
configure:11608: checking whether to build shared libraries
configure:11629: result: no
configure:11632: checking whether to build static libraries
configure:11636: result: yes
configure:11673: checking for unzip
configure:11691: found /usr/bin/unzip
configure:11703: result: /usr/bin/unzip
configure:11718: checking for patch
configure:11736: found /usr/bin/patch
configure:11748: result: /usr/bin/patch
configure:11771: checking for /bin/bash
configure:11786: result: yes
configure:11913: checking for parameter expansion string replace capable shell
configure:11929: result: /bin/bash
configure:12002: checking for web downloading command
configure:12031: result: no
configure:12047: checking for library containing sqrt
configure:12088: gcc -o conftest -g -O2   conftest.c  >&5
conftest.c:29: warning: conflicting types for built-in function 'sqrt'
/tmp/ccWD7Eej.o: In function `main':
/home/cyj/MyCommonClass/src/libaacplus-2.0.2/conftest.c:33: undefined reference to `sqrt'
collect2: ld returned 1 exit status
configure:12095: $? = 1
configure: failed program was:
| /* confdefs.h.  */
| #define PACKAGE_NAME "libaacplus"
| #define PACKAGE_TARNAME "libaacplus"
| #define PACKAGE_VERSION "2.0.2"
| #define PACKAGE_STRING "libaacplus 2.0.2"
| #define PACKAGE_BUGREPORT "Sergiy Guriev <piratfm@ua.fm>"
| #define PACKAGE "libaacplus"
| #define VERSION "2.0.2"
| #define STDC_HEADERS 1
| #define HAVE_SYS_TYPES_H 1
| #define HAVE_SYS_STAT_H 1
| #define HAVE_STDLIB_H 1
| #define HAVE_STRING_H 1
| #define HAVE_MEMORY_H 1
| #define HAVE_STRINGS_H 1
| #define HAVE_INTTYPES_H 1
| #define HAVE_STDINT_H 1
| #define HAVE_UNISTD_H 1
| #define HAVE_DLFCN_H 1
| #define LT_OBJDIR ".libs/"
| /* end confdefs.h.  */
| 
| /* Override any GCC internal prototype to avoid an error.
|    Use char because int might match the return type of a GCC
|    builtin and then its argument prototype would still apply.  */
| #ifdef __cplusplus
| extern "C"
| #endif
| char sqrt ();
| int
| main ()
| {
| return sqrt ();
|   ;
|   return 0;
| }
configure:12088: gcc -o conftest -g -O2   conftest.c -lm   >&5
conftest.c:29: warning: conflicting types for built-in function 'sqrt'
configure:12095: $? = 0
configure:12126: result: -lm
configure:12136: checking for ANSI C header files
configure:12304: result: yes
configure:12334: checking float.h usability
configure:12351: gcc -c -g -O2  conftest.c >&5
configure:12358: $? = 0
configure:12372: result: yes
configure:12376: checking float.h presence
configure:12391: gcc -E  conftest.c
configure:12398: $? = 0
configure:12412: result: yes
configure:12445: checking for float.h
configure:12454: result: yes
configure:12323: checking for memory.h
configure:12330: result: yes
configure:12323: checking for stdint.h
configure:12330: result: yes
configure:12323: checking for stdlib.h
configure:12330: result: yes
configure:12323: checking for string.h
configure:12330: result: yes
configure:12477: checking for an ANSI C-conforming const
configure:12552: gcc -c -g -O2  conftest.c >&5
configure:12559: $? = 0
configure:12574: result: yes
configure:12585: checking for int16_t
configure:12616: gcc -c -g -O2  conftest.c >&5
configure:12623: $? = 0
configure:12652: gcc -c -g -O2  conftest.c >&5
conftest.c: In function 'main':
conftest.c:65: error: size of array 'test_array' is negative
configure:12659: $? = 1
configure: failed program was:
| /* confdefs.h.  */
| #define PACKAGE_NAME "libaacplus"
| #define PACKAGE_TARNAME "libaacplus"
| #define PACKAGE_VERSION "2.0.2"
| #define PACKAGE_STRING "libaacplus 2.0.2"
| #define PACKAGE_BUGREPORT "Sergiy Guriev <piratfm@ua.fm>"
| #define PACKAGE "libaacplus"
| #define VERSION "2.0.2"
| #define STDC_HEADERS 1
| #define HAVE_SYS_TYPES_H 1
| #define HAVE_SYS_STAT_H 1
| #define HAVE_STDLIB_H 1
| #define HAVE_STRING_H 1
| #define HAVE_MEMORY_H 1
| #define HAVE_STRINGS_H 1
| #define HAVE_INTTYPES_H 1
| #define HAVE_STDINT_H 1
| #define HAVE_UNISTD_H 1
| #define HAVE_DLFCN_H 1
| #define LT_OBJDIR ".libs/"
| #define STDC_HEADERS 1
| #define HAVE_FLOAT_H 1
| #define HAVE_MEMORY_H 1
| #define HAVE_STDINT_H 1
| #define HAVE_STDLIB_H 1
| #define HAVE_STRING_H 1
| /* end confdefs.h.  */
| #include <stdio.h>
| #ifdef HAVE_SYS_TYPES_H
| # include <sys/types.h>
| #endif
| #ifdef HAVE_SYS_STAT_H
| # include <sys/stat.h>
| #endif
| #ifdef STDC_HEADERS
| # include <stdlib.h>
| # include <stddef.h>
| #else
| # ifdef HAVE_STDLIB_H
| #  include <stdlib.h>
| # endif
| #endif
| #ifdef HAVE_STRING_H
| # if !defined STDC_HEADERS && defined HAVE_MEMORY_H
| #  include <memory.h>
| # endif
| # include <string.h>
| #endif
| #ifdef HAVE_STRINGS_H
| # include <strings.h>
| #endif
| #ifdef HAVE_INTTYPES_H
| # include <inttypes.h>
| #endif
| #ifdef HAVE_STDINT_H
| # include <stdint.h>
| #endif
| #ifdef HAVE_UNISTD_H
| # include <unistd.h>
| #endif
| int
| main ()
| {
| static int test_array [1 - 2 * !((int16_t) ((((int16_t) 1 << (16 - 2)) - 1) * 2 + 1)
| 		 < (int16_t) ((((int16_t) 1 << (16 - 2)) - 1) * 2 + 2))];
| test_array [0] = 0
| 
|   ;
|   return 0;
| }
configure:12688: result: yes
configure:12701: checking for int32_t
configure:12732: gcc -c -g -O2  conftest.c >&5
configure:12739: $? = 0
configure:12768: gcc -c -g -O2  conftest.c >&5
conftest.c: In function 'main':
conftest.c:65: warning: integer overflow in expression
conftest.c:65: error: size of array 'test_array' is negative
configure:12775: $? = 1
configure: failed program was:
| /* confdefs.h.  */
| #define PACKAGE_NAME "libaacplus"
| #define PACKAGE_TARNAME "libaacplus"
| #define PACKAGE_VERSION "2.0.2"
| #define PACKAGE_STRING "libaacplus 2.0.2"
| #define PACKAGE_BUGREPORT "Sergiy Guriev <piratfm@ua.fm>"
| #define PACKAGE "libaacplus"
| #define VERSION "2.0.2"
| #define STDC_HEADERS 1
| #define HAVE_SYS_TYPES_H 1
| #define HAVE_SYS_STAT_H 1
| #define HAVE_STDLIB_H 1
| #define HAVE_STRING_H 1
| #define HAVE_MEMORY_H 1
| #define HAVE_STRINGS_H 1
| #define HAVE_INTTYPES_H 1
| #define HAVE_STDINT_H 1
| #define HAVE_UNISTD_H 1
| #define HAVE_DLFCN_H 1
| #define LT_OBJDIR ".libs/"
| #define STDC_HEADERS 1
| #define HAVE_FLOAT_H 1
| #define HAVE_MEMORY_H 1
| #define HAVE_STDINT_H 1
| #define HAVE_STDLIB_H 1
| #define HAVE_STRING_H 1
| /* end confdefs.h.  */
| #include <stdio.h>
| #ifdef HAVE_SYS_TYPES_H
| # include <sys/types.h>
| #endif
| #ifdef HAVE_SYS_STAT_H
| # include <sys/stat.h>
| #endif
| #ifdef STDC_HEADERS
| # include <stdlib.h>
| # include <stddef.h>
| #else
| # ifdef HAVE_STDLIB_H
| #  include <stdlib.h>
| # endif
| #endif
| #ifdef HAVE_STRING_H
| # if !defined STDC_HEADERS && defined HAVE_MEMORY_H
| #  include <memory.h>
| # endif
| # include <string.h>
| #endif
| #ifdef HAVE_STRINGS_H
| # include <strings.h>
| #endif
| #ifdef HAVE_INTTYPES_H
| # include <inttypes.h>
| #endif
| #ifdef HAVE_STDINT_H
| # include <stdint.h>
| #endif
| #ifdef HAVE_UNISTD_H
| # include <unistd.h>
| #endif
| int
| main ()
| {
| static int test_array [1 - 2 * !((int32_t) ((((int32_t) 1 << (32 - 2)) - 1) * 2 + 1)
| 		 < (int32_t) ((((int32_t) 1 << (32 - 2)) - 1) * 2 + 2))];
| test_array [0] = 0
| 
|   ;
|   return 0;
| }
configure:12804: result: yes
configure:12817: checking for int8_t
configure:12848: gcc -c -g -O2  conftest.c >&5
configure:12855: $? = 0
configure:12884: gcc -c -g -O2  conftest.c >&5
conftest.c: In function 'main':
conftest.c:65: error: size of array 'test_array' is negative
configure:12891: $? = 1
configure: failed program was:
| /* confdefs.h.  */
| #define PACKAGE_NAME "libaacplus"
| #define PACKAGE_TARNAME "libaacplus"
| #define PACKAGE_VERSION "2.0.2"
| #define PACKAGE_STRING "libaacplus 2.0.2"
| #define PACKAGE_BUGREPORT "Sergiy Guriev <piratfm@ua.fm>"
| #define PACKAGE "libaacplus"
| #define VERSION "2.0.2"
| #define STDC_HEADERS 1
| #define HAVE_SYS_TYPES_H 1
| #define HAVE_SYS_STAT_H 1
| #define HAVE_STDLIB_H 1
| #define HAVE_STRING_H 1
| #define HAVE_MEMORY_H 1
| #define HAVE_STRINGS_H 1
| #define HAVE_INTTYPES_H 1
| #define HAVE_STDINT_H 1
| #define HAVE_UNISTD_H 1
| #define HAVE_DLFCN_H 1
| #define LT_OBJDIR ".libs/"
| #define STDC_HEADERS 1
| #define HAVE_FLOAT_H 1
| #define HAVE_MEMORY_H 1
| #define HAVE_STDINT_H 1
| #define HAVE_STDLIB_H 1
| #define HAVE_STRING_H 1
| /* end confdefs.h.  */
| #include <stdio.h>
| #ifdef HAVE_SYS_TYPES_H
| # include <sys/types.h>
| #endif
| #ifdef HAVE_SYS_STAT_H
| # include <sys/stat.h>
| #endif
| #ifdef STDC_HEADERS
| # include <stdlib.h>
| # include <stddef.h>
| #else
| # ifdef HAVE_STDLIB_H
| #  include <stdlib.h>
| # endif
| #endif
| #ifdef HAVE_STRING_H
| # if !defined STDC_HEADERS && defined HAVE_MEMORY_H
| #  include <memory.h>
| # endif
| # include <string.h>
| #endif
| #ifdef HAVE_STRINGS_H
| # include <strings.h>
| #endif
| #ifdef HAVE_INTTYPES_H
| # include <inttypes.h>
| #endif
| #ifdef HAVE_STDINT_H
| # include <stdint.h>
| #endif
| #ifdef HAVE_UNISTD_H
| # include <unistd.h>
| #endif
| int
| main ()
| {
| static int test_array [1 - 2 * !((int8_t) ((((int8_t) 1 << (8 - 2)) - 1) * 2 + 1)
| 		 < (int8_t) ((((int8_t) 1 << (8 - 2)) - 1) * 2 + 2))];
| test_array [0] = 0
| 
|   ;
|   return 0;
| }
configure:12920: result: yes
configure:12933: checking for uint16_t
configure:12964: gcc -c -g -O2  conftest.c >&5
configure:12971: $? = 0
configure:12992: result: yes
configure:13012: checking for stdlib.h
configure:13019: result: yes
configure:13158: checking for GNU libc compatible malloc
configure:13192: gcc -o conftest -g -O2   conftest.c -lm  >&5
configure:13196: $? = 0
configure:13202: ./conftest
configure:13206: $? = 0
configure:13223: result: yes
configure:13251: checking for working memcmp
configure:13304: gcc -o conftest -g -O2   conftest.c -lm  >&5
configure:13308: $? = 0
configure:13314: ./conftest
configure:13318: $? = 0
configure:13335: result: yes
configure:13352: checking for floor
configure:13408: gcc -o conftest -g -O2   conftest.c -lm  >&5
conftest.c:53: warning: conflicting types for built-in function 'floor'
configure:13415: $? = 0
configure:13437: result: yes
configure:13352: checking for memmove
configure:13408: gcc -o conftest -g -O2   conftest.c -lm  >&5
conftest.c:54: warning: conflicting types for built-in function 'memmove'
configure:13415: $? = 0
configure:13437: result: yes
configure:13352: checking for memset
configure:13408: gcc -o conftest -g -O2   conftest.c -lm  >&5
conftest.c:55: warning: conflicting types for built-in function 'memset'
configure:13415: $? = 0
configure:13437: result: yes
configure:13352: checking for pow
configure:13408: gcc -o conftest -g -O2   conftest.c -lm  >&5
conftest.c:56: warning: conflicting types for built-in function 'pow'
configure:13415: $? = 0
configure:13437: result: yes
configure:13352: checking for sqrt
configure:13408: gcc -o conftest -g -O2   conftest.c -lm  >&5
conftest.c:57: warning: conflicting types for built-in function 'sqrt'
configure:13415: $? = 0
configure:13437: result: yes
configure:13479: checking for fftw3 library at /usr 
configure:13508: WARNING: not found
configure:13511: checking for fftw3 library at /usr/local 
configure:13556: WARNING: not found, building without fftw3
configure:13577: checking for pkg-config
configure:13593: found /usr/bin/pkg-config
configure:13605: result: yes
configure:13782: creating ./config.status

## ---------------------- ##
## Running config.status. ##
## ---------------------- ##

This file was extended by libaacplus config.status 2.0.2, which was
generated by GNU Autoconf 2.63.  Invocation command line was

  CONFIG_FILES    = 
  CONFIG_HEADERS  = 
  CONFIG_LINKS    = 
  CONFIG_COMMANDS = 
  $ ./config.status 

on localhost.localdomain

config.status:1029: creating aacplus.spec
config.status:1029: creating aacplus-config
config.status:1181: WARNING:  'aacplus-config.in' seems to ignore the --datarootdir setting
config.status:1029: creating aacplus.pc
config.status:1029: creating Makefile
config.status:1029: creating src/Makefile
config.status:1029: creating patches/Makefile
config.status:1029: creating include/Makefile
config.status:1029: creating frontend/Makefile
config.status:1029: creating config.h
config.status:1251: config.h is unchanged
config.status:1303: executing depfiles commands
config.status:1303: executing libtool commands

## ---------------- ##
## Cache variables. ##
## ---------------- ##

ac_cv_build=i686-pc-linux-gnu
ac_cv_c_compiler_gnu=yes
ac_cv_c_const=yes
ac_cv_c_int16_t=yes
ac_cv_c_int32_t=yes
ac_cv_c_int8_t=yes
ac_cv_c_uint16_t=yes
ac_cv_downloader_prog=no
ac_cv_env_CC_set=
ac_cv_env_CC_value=
ac_cv_env_CFLAGS_set=
ac_cv_env_CFLAGS_value=
ac_cv_env_CPPFLAGS_set=
ac_cv_env_CPPFLAGS_value=
ac_cv_env_CPP_set=
ac_cv_env_CPP_value=
ac_cv_env_LDFLAGS_set=
ac_cv_env_LDFLAGS_value=
ac_cv_env_LIBS_set=
ac_cv_env_LIBS_value=
ac_cv_env_build_alias_set=
ac_cv_env_build_alias_value=
ac_cv_env_host_alias_set=
ac_cv_env_host_alias_value=
ac_cv_env_target_alias_set=
ac_cv_env_target_alias_value=
ac_cv_file__bin_bash=yes
ac_cv_func_floor=yes
ac_cv_func_malloc_0_nonnull=yes
ac_cv_func_memcmp_working=yes
ac_cv_func_memmove=yes
ac_cv_func_memset=yes
ac_cv_func_pow=yes
ac_cv_func_sqrt=yes
ac_cv_header_dlfcn_h=yes
ac_cv_header_float_h=yes
ac_cv_header_inttypes_h=yes
ac_cv_header_memory_h=yes
ac_cv_header_stdc=yes
ac_cv_header_stdint_h=yes
ac_cv_header_stdlib_h=yes
ac_cv_header_string_h=yes
ac_cv_header_strings_h=yes
ac_cv_header_sys_stat_h=yes
ac_cv_header_sys_types_h=yes
ac_cv_header_unistd_h=yes
ac_cv_host=i686-pc-linux-gnu
ac_cv_objext=o
ac_cv_parameter_expansion_string_replace_capable_shell=/bin/bash
ac_cv_path_EGREP='/bin/grep -E'
ac_cv_path_FGREP='/bin/grep -F'
ac_cv_path_GREP=/bin/grep
ac_cv_path_PATCH=/usr/bin/patch
ac_cv_path_SED=/bin/sed
ac_cv_path_UNZIP=/usr/bin/unzip
ac_cv_path_install='/usr/bin/install -c'
ac_cv_path_mkdir=/bin/mkdir
ac_cv_prog_AWK=gawk
ac_cv_prog_CPP='gcc -E'
ac_cv_prog_PKGCONFIG=yes
ac_cv_prog_ac_ct_AR=ar
ac_cv_prog_ac_ct_CC=gcc
ac_cv_prog_ac_ct_OBJDUMP=objdump
ac_cv_prog_ac_ct_RANLIB=ranlib
ac_cv_prog_ac_ct_STRIP=strip
ac_cv_prog_cc_c89=
ac_cv_prog_cc_g=yes
ac_cv_prog_cc_gcc_c_o=yes
ac_cv_prog_make_make_set=yes
ac_cv_search_sqrt=-lm
am_cv_CC_dependencies_compiler_type=gcc3
lt_cv_deplibs_check_method=pass_all
lt_cv_file_magic_cmd='$MAGIC_CMD'
lt_cv_file_magic_test_file=
lt_cv_ld_reload_flag=-r
lt_cv_nm_interface='BSD nm'
lt_cv_objdir=.libs
lt_cv_path_LD=/usr/bin/ld
lt_cv_path_NM='/usr/bin/nm -B'
lt_cv_prog_compiler_c_o=yes
lt_cv_prog_compiler_pic_works=yes
lt_cv_prog_compiler_rtti_exceptions=no
lt_cv_prog_compiler_static_works=no
lt_cv_prog_gnu_ld=yes
lt_cv_sys_global_symbol_pipe='sed -n -e '\''s/^.*[	 ]\([ABCDGIRSTW][ABCDGIRSTW]*\)[	 ][	 ]*\([_A-Za-z][_A-Za-z0-9]*\)$/\1 \2 \2/p'\'''
lt_cv_sys_global_symbol_to_c_name_address='sed -n -e '\''s/^: \([^ ]*\) $/  {\"\1\", (void *) 0},/p'\'' -e '\''s/^[ABCDGIRSTW]* \([^ ]*\) \([^ ]*\)$/  {"\2", (void *) \&\2},/p'\'''
lt_cv_sys_global_symbol_to_c_name_address_lib_prefix='sed -n -e '\''s/^: \([^ ]*\) $/  {\"\1\", (void *) 0},/p'\'' -e '\''s/^[ABCDGIRSTW]* \([^ ]*\) \(lib[^ ]*\)$/  {"\2", (void *) \&\2},/p'\'' -e '\''s/^[ABCDGIRSTW]* \([^ ]*\) \([^ ]*\)$/  {"lib\2", (void *) \&\2},/p'\'''
lt_cv_sys_global_symbol_to_cdecl='sed -n -e '\''s/^T .* \(.*\)$/extern int \1();/p'\'' -e '\''s/^[ABCDGIRSTW]* .* \(.*\)$/extern char \1;/p'\'''
lt_cv_sys_max_cmd_len=1966080

## ----------------- ##
## Output variables. ##
## ----------------- ##

AACPLUS_CFLAGS=''
AACPLUS_CPPFLAGS='-I '
AACPLUS_LIBS='-laacplus -lm '
AACPLUS_REQUIRES=''
ACLOCAL='${SHELL} /home/cyj/MyCommonClass/src/libaacplus-2.0.2/missing --run aclocal-1.11'
AMDEPBACKSLASH='\'
AMDEP_FALSE='#'
AMDEP_TRUE=''
AMTAR='${SHELL} /home/cyj/MyCommonClass/src/libaacplus-2.0.2/missing --run tar'
AR='ar'
AS='as'
ASH=''
AUTOCONF='${SHELL} /home/cyj/MyCommonClass/src/libaacplus-2.0.2/missing --run autoconf'
AUTOHEADER='${SHELL} /home/cyj/MyCommonClass/src/libaacplus-2.0.2/missing --run autoheader'
AUTOMAKE='${SHELL} /home/cyj/MyCommonClass/src/libaacplus-2.0.2/missing --run automake-1.11'
AWK='gawk'
BASH='/bin/bash'
CC='gcc'
CCDEPMODE='depmode=gcc3'
CFLAGS='-g -O2'
CPP='gcc -E'
CPPFLAGS=''
CYGPATH_W='echo'
DEBUG='0'
DEFS='-DHAVE_CONFIG_H'
DEPDIR='.deps'
DLLTOOL='dlltool'
DOWNLOADER_PROG='no'
DOWNLOADER_PROG_CMD=''
DSYMUTIL=''
DUMPBIN=''
ECHO_C=''
ECHO_N='-n'
ECHO_T=''
EGREP='/bin/grep -E'
EXEEXT=''
FFTW3_CFLAGS=''
FFTW3_INCFLAGS=''
FFTW3_LDFLAGS=''
FFTW3_LIB=''
FGREP='/bin/grep -F'
GREP='/bin/grep'
HAVE_PKGCONFIG_FALSE='#'
HAVE_PKGCONFIG_TRUE=''
INSTALL_DATA='${INSTALL} -m 644'
INSTALL_PROGRAM='${INSTALL}'
INSTALL_SCRIPT='${INSTALL}'
INSTALL_STRIP_PROGRAM='$(install_sh) -c -s'
LD='/usr/bin/ld'
LDFLAGS=''
LIBOBJS=''
LIBS='-lm '
LIBTOOL='$(SHELL) $(top_builddir)/libtool'
LIBTOOL_DEPS='./ltmain.sh'
LIPO=''
LN_S='ln -s'
LTLIBOBJS=''
MAKEINFO='${SHELL} /home/cyj/MyCommonClass/src/libaacplus-2.0.2/missing --run makeinfo'
MKDIR_P='/bin/mkdir -p'
NM='/usr/bin/nm -B'
NMEDIT=''
OBJDUMP='objdump'
OBJEXT='o'
OPT=''
OTOOL64=''
OTOOL=''
PACKAGE='libaacplus'
PACKAGE_BUGREPORT='Sergiy Guriev <piratfm@ua.fm>'
PACKAGE_NAME='libaacplus'
PACKAGE_STRING='libaacplus 2.0.2'
PACKAGE_TARNAME='libaacplus'
PACKAGE_VERSION='2.0.2'
PARAMETER_EXPANSION_STRING_REPLACE_CAPABLE_SHELL='/bin/bash'
PATCH='/usr/bin/patch'
PATH_SEPARATOR=':'
PKGCONFIG='yes'
PROFILE=''
RANLIB='ranlib'
SED='/bin/sed'
SET_MAKE=''
SHELL='/bin/sh'
STRIP='strip'
UNZIP='/usr/bin/unzip'
VERSION='2.0.2'
ac_ct_CC='gcc'
ac_ct_DUMPBIN=''
am__EXEEXT_FALSE=''
am__EXEEXT_TRUE='#'
am__fastdepCC_FALSE='#'
am__fastdepCC_TRUE=''
am__include='include'
am__isrc=''
am__leading_dot='.'
am__quote=''
am__tar='${AMTAR} chof - "$$tardir"'
am__untar='${AMTAR} xf -'
bindir='${exec_prefix}/bin'
build='i686-pc-linux-gnu'
build_alias=''
build_cpu='i686'
build_os='linux-gnu'
build_vendor='pc'
datadir='${datarootdir}'
datarootdir='${prefix}/share'
docdir='${datarootdir}/doc/${PACKAGE_TARNAME}'
dvidir='${docdir}'
exec_prefix='${prefix}'
host='i686-pc-linux-gnu'
host_alias=''
host_cpu='i686'
host_os='linux-gnu'
host_vendor='pc'
htmldir='${docdir}'
includedir='${prefix}/include'
infodir='${datarootdir}/info'
install_sh='${SHELL} /home/cyj/MyCommonClass/src/libaacplus-2.0.2/install-sh'
libdir='${exec_prefix}/lib'
libexecdir='${exec_prefix}/libexec'
localedir='${datarootdir}/locale'
localstatedir='${prefix}/var'
lt_ECHO='echo'
mandir='${datarootdir}/man'
mkdir_p='/bin/mkdir -p'
oldincludedir='/usr/include'
pdfdir='${docdir}'
prefix='/usr/local/viewmobile/heaac'
program_transform_name='s,x,x,'
psdir='${docdir}'
sbindir='${exec_prefix}/sbin'
sharedstatedir='${prefix}/com'
sysconfdir='${prefix}/etc'
target_alias=''

## ----------- ##
## confdefs.h. ##
## ----------- ##

#define PACKAGE_NAME "libaacplus"
#define PACKAGE_TARNAME "libaacplus"
#define PACKAGE_VERSION "2.0.2"
#define PACKAGE_STRING "libaacplus 2.0.2"
#define PACKAGE_BUGREPORT "Sergiy Guriev <piratfm@ua.fm>"
#define PACKAGE "libaacplus"
#define VERSION "2.0.2"
#define STDC_HEADERS 1
#define HAVE_SYS_TYPES_H 1
#define HAVE_SYS_STAT_H 1
#define HAVE_STDLIB_H 1
#define HAVE_STRING_H 1
#define HAVE_MEMORY_H 1
#define HAVE_STRINGS_H 1
#define HAVE_INTTYPES_H 1
#define HAVE_STDINT_H 1
#define HAVE_UNISTD_H 1
#define HAVE_DLFCN_H 1
#define LT_OBJDIR ".libs/"
#define STDC_HEADERS 1
#define HAVE_FLOAT_H 1
#define HAVE_MEMORY_H 1
#define HAVE_STDINT_H 1
#define HAVE_STDLIB_H 1
#define HAVE_STRING_H 1
#define HAVE_STDLIB_H 1
#define HAVE_MALLOC 1
#define HAVE_FLOOR 1
#define HAVE_MEMMOVE 1
#define HAVE_MEMSET 1
#define HAVE_POW 1
#define HAVE_SQRT 1

configure: exit 0
